[2024-Feb-12 23:12:01] [debug] --------------------------------------------------------------------------------
[2024-Feb-12 23:12:01] [debug] nrfjprog --recover --family nRF53 --log 
[2024-Feb-12 23:12:01] [debug] nrfjprog version 10.23.1 external
[2024-Feb-12 23:12:01] [debug] --------------------------------------------------------------------------------
[2024-Feb-12 23:12:01] [ info] Load library at /Applications/Nordic Semiconductor/lib/libnrfjprogdll.dylib.
[2024-Feb-12 23:12:01] [ info] Library loaded, loading member functions.
[2024-Feb-12 23:12:01] [ info] Member functions succesfully loaded.
[2024-Feb-12 23:12:01] [debug] [ Client] - open
[2024-Feb-12 23:12:01] [debug] [ Client] - start
[2024-Feb-12 23:12:01] [ info] [ Client] - stdout: Jlinkarm nRF Worker ready. Handling sequence f9e3144d-fa89-438a-9831-987249760662.
[2024-Feb-12 23:12:01] [debug] [SeggerBackend] - Logger sink registered in Segger backend logger
[2024-Feb-12 23:12:01] [debug] [  JLink] - Logger sink registered in JLink logger
[2024-Feb-12 23:12:01] [debug] [  nRF53] - open
[2024-Feb-12 23:12:01] [debug] [  nRF53] - just_check_family
[2024-Feb-12 23:12:01] [debug] [SeggerBackend] - open_dll
[2024-Feb-12 23:12:01] [debug] [SeggerBackend] - No J-Link DLL path was provided. Attempting to auto detect.
[2024-Feb-12 23:12:01] [ info] [SeggerBackend] - Load library at /Applications/SEGGER/JLink/libjlinkarm.dylib.
[2024-Feb-12 23:12:01] [ info] [SeggerBackend] - Library loaded, loading member functions.
[2024-Feb-12 23:12:01] [ info] [SeggerBackend] - Member functions succesfully loaded.
[2024-Feb-12 23:12:01] [debug] [SeggerBackend] - Set batch mode
[2024-Feb-12 23:12:01] [debug] [SeggerBackend] - dll_version
[2024-Feb-12 23:12:01] [ info] [SeggerBackend] - Segger dll version 7.92.h loaded.
[2024-Feb-12 23:12:01] [trace] [ Worker] - Command open executed for 5 milliseconds with result 0
[2024-Feb-12 23:12:01] [trace] [ Client] - Command open executed for 12 milliseconds with result 0
[2024-Feb-12 23:12:01] [debug] [ Client] - config
[2024-Feb-12 23:12:01] [trace] [ Client] - Command config executed for 11 milliseconds with result 0
[2024-Feb-12 23:12:01] [debug] [ Client] - enum_emu_snr
[2024-Feb-12 23:12:01] [debug] [  nRF53] - config
[2024-Feb-12 23:12:01] [debug] [SeggerBackend] - enum_emu_snr
[2024-Feb-12 23:12:01] [trace] [ Worker] - Command config executed for 3 milliseconds with result 0
[2024-Feb-12 23:12:01] [debug] [  nRF53] - enum_emu_con_info
[2024-Feb-12 23:12:01] [debug] [SeggerBackend] - is_connected_to_emu
[2024-Feb-12 23:12:01] [debug] [SeggerBackend] - enum_emu_con_info
[2024-Feb-12 23:12:01] [debug] [SeggerBackend] - is_connected_to_emu
[2024-Feb-12 23:12:01] [trace] [ Worker] - Command enum_emu_con_info executed for 0 milliseconds with result 0
[2024-Feb-12 23:12:01] [trace] [ Client] - Command enum_emu_con_info executed for 6 milliseconds with result 0
[2024-Feb-12 23:12:01] [debug] [ Client] - connect_to_emu_with_snr
[2024-Feb-12 23:12:01] [debug] [  nRF53] - connect_to_emu_with_snr
[2024-Feb-12 23:12:01] [debug] [SeggerBackend] - is_connected_to_emu
[2024-Feb-12 23:12:01] [debug] [SeggerBackend] - connect_to_emu_with_snr
[2024-Feb-12 23:12:01] [debug] [SeggerBackend] - is_connected_to_emu
[2024-Feb-12 23:12:01] [debug] [SeggerBackend] - ---just_enum_emu_snr
[2024-Feb-12 23:12:01] [debug] [SeggerBackend] - ---just_get_num_emus
[2024-Feb-12 23:12:01] [debug] [SeggerBackend] - ---just_connect_to_emu_with_snr
[2024-Feb-12 23:12:01] [debug] [SeggerBackend] - ---just_connect_to_emu_without_snr
[2024-Feb-12 23:12:01] [debug] [SeggerBackend] - Segger logging enabled.
[2024-Feb-12 23:12:01] [trace] [  JLink] - Firmware: J-Link OB-K22-NordicSemi compiled Sep 13 2023 14:47:35
[2024-Feb-12 23:12:01] [trace] [  JLink] - Firmware: J-Link OB-K22-NordicSemi compiled Sep 13 2023 14:47:35
[2024-Feb-12 23:12:01] [trace] [  JLink] - Hardware: V1.00
[2024-Feb-12 23:12:01] [trace] [  JLink] - S/N: 960157480
[2024-Feb-12 23:12:01] [trace] [  JLink] - OEM: SEGGER
[2024-Feb-12 23:12:01] [trace] [  JLink] - Feature(s): RDI, FlashBP, FlashDL, JFlash, GDB
[2024-Feb-12 23:12:01] [trace] [  JLink] - Bootloader: 2018 Aug 07
[2024-Feb-12 23:12:01] [trace] [  JLink] - USB speed mode: Full speed (12 MBit/s)
[2024-Feb-12 23:12:01] [trace] [  JLink] - TELNET listener socket opened on port 19021
[2024-Feb-12 23:12:01] [trace] [  JLink] - WEBSRV WEBSRV_Init(): Starting webserver thread(s)
[2024-Feb-12 23:12:01] [trace] [  JLink] - WEBSRV Webserver running on local port 19080
[2024-Feb-12 23:12:01] [trace] [  JLink] - Looking for J-Link GUI Server exe at: /Applications/SEGGER/JLink_V792h/JLinkGUIServerExe 
[2024-Feb-12 23:12:01] [trace] [  JLink] - Forking J-Link GUI Server: /Applications/SEGGER/JLink_V792h/JLinkGUIServerExe 
[2024-Feb-12 23:12:01] [trace] [  JLink] - J-Link GUI Server info: "J-Link GUI server V7.92h " 
[2024-Feb-12 23:12:01] [trace] [ Client] - Command connect_to_emu_with_snr executed for 370 milliseconds with result 0
[2024-Feb-12 23:12:01] [debug] [ Client] - read_connected_emu_snr
[2024-Feb-12 23:12:01] [trace] [ Client] - Command read_connected_emu_snr executed for 6 milliseconds with result 0
[2024-Feb-12 23:12:01] [debug] [ Client] - recover
[2024-Feb-12 23:12:01] [trace] [  JLink] - - 347.131ms returns "O.K."  
[2024-Feb-12 23:12:01] [trace] [  JLink] - JLINK_HasError()  
[2024-Feb-12 23:12:01] [trace] [  JLink] - JLINK_Lock()  
[2024-Feb-12 23:12:01] [trace] [  JLink] - JLINK_ExecCommand("SetRestartOnClose = 0", ...).   
[2024-Feb-12 23:12:01] [trace] [  JLink] - - 0.002ms returns 0x01  
[2024-Feb-12 23:12:01] [trace] [  JLink] - JLINK_HasError()  
[2024-Feb-12 23:12:01] [trace] [  JLink] - JLINK_ExecCommand("DisableFlashDL", ...).   
[2024-Feb-12 23:12:01] [trace] [  JLink] - - 0.001ms returns 0x00  
[2024-Feb-12 23:12:01] [trace] [  JLink] - JLINK_HasError()  
[2024-Feb-12 23:12:01] [trace] [  JLink] - JLINK_ExecCommand("ExcludeFlashCacheRange 0x0-0xFFFFFFFF", ...).   
[2024-Feb-12 23:12:01] [trace] [  JLink] - - 0.000ms returns 0x00  
[2024-Feb-12 23:12:01] [trace] [  JLink] - JLINK_HasError()  
[2024-Feb-12 23:12:01] [trace] [  JLink] - JLINK_SetHookUnsecureDialog  
[2024-Feb-12 23:12:01] [trace] [  JLink] - JLINK_SetHookUnsecureDialog(...)
[2024-Feb-12 23:12:01] [trace] [  JLink] - - 0.004ms returns 0  
[2024-Feb-12 23:12:01] [trace] [  JLink] - JLINK_HasError()  
[2024-Feb-12 23:12:01] [trace] [  JLink] - JLINK_TIF_Select(JLINKARM_TIF_SWD)  
[2024-Feb-12 23:12:01] [trace] [  JLink] - - 0.652ms returns 0x00  
[2024-Feb-12 23:12:01] [trace] [  JLink] - JLINK_HasError()  
[2024-Feb-12 23:12:01] [trace] [  JLink] - JLINK_GetSpeedInfo()  
[2024-Feb-12 23:12:01] [trace] [  JLink] - 72000000 Hz / n, n >= 36
[2024-Feb-12 23:12:01] [trace] [  JLink] - - 0.003ms  
[2024-Feb-12 23:12:01] [trace] [  JLink] - JLINK_HasError()  
[2024-Feb-12 23:12:01] [debug] [SeggerBackend] - Connected emulator supports SWD speeds up to 2000kHz
[2024-Feb-12 23:12:01] [trace] [  JLink] - JLINK_SetSpeed(2000)  
[2024-Feb-12 23:12:01] [trace] [  JLink] - - 0.062ms  
[2024-Feb-12 23:12:01] [trace] [  JLink] - JLINK_HasError()  
[2024-Feb-12 23:12:01] [trace] [  JLink] - JLINK_GetSpeed()  
[2024-Feb-12 23:12:01] [trace] [  JLink] - - 0.001ms returns 2000  
[2024-Feb-12 23:12:01] [trace] [  JLink] - JLINK_HasError()  
[2024-Feb-12 23:12:01] [debug] [SeggerBackend] - SWD clock set to 2000kHz
[2024-Feb-12 23:12:01] [trace] [  JLink] - JLINK_GetSN()  
[2024-Feb-12 23:12:01] [trace] [  JLink] - - 0.002ms returns 960157480  
[2024-Feb-12 23:12:01] [trace] [  JLink] - JLINK_HasError()  
[2024-Feb-12 23:12:01] [trace] [  JLink] - - 0.002ms  
[2024-Feb-12 23:12:01] [debug] [  nRF53] - read_device_family
[2024-Feb-12 23:12:01] [trace] [ Worker] - Command connect_to_emu_with_snr executed for 360 milliseconds with result 0
[2024-Feb-12 23:12:01] [debug] [  nRF53] - read_connected_emu_snr
[2024-Feb-12 23:12:01] [debug] [SeggerBackend] - is_connected_to_emu
[2024-Feb-12 23:12:01] [trace] [  JLink] - JLINK_IsOpen()  
[2024-Feb-12 23:12:01] [trace] [  JLink] - - 0.003ms returns 0x01  
[2024-Feb-12 23:12:01] [trace] [  JLink] - JLINK_HasError()  
[2024-Feb-12 23:12:01] [trace] [  JLink] - JLINK_Lock()  
[2024-Feb-12 23:12:01] [debug] [SeggerBackend] - read_connected_emu_snr
[2024-Feb-12 23:12:01] [trace] [  JLink] - - 0.002ms  
[2024-Feb-12 23:12:01] [trace] [ Worker] - Command read_connected_emu_snr executed for 0 milliseconds with result 0
[2024-Feb-12 23:12:01] [debug] [  nRF53] - recover
[2024-Feb-12 23:12:01] [debug] [SeggerBackend] - is_connected_to_emu
[2024-Feb-12 23:12:01] [trace] [  JLink] - JLINK_IsOpen()  
[2024-Feb-12 23:12:01] [trace] [  JLink] - - 0.003ms returns 0x01  
[2024-Feb-12 23:12:01] [trace] [  JLink] - JLINK_HasError()  
[2024-Feb-12 23:12:01] [trace] [  JLink] - JLINK_Lock()  
[2024-Feb-12 23:12:01] [debug] [SeggerBackend] - is_connected_to_emu
[2024-Feb-12 23:12:01] [debug] [  nRF53] - just_recover
[2024-Feb-12 23:12:01] [debug] [  nRF53] - Just_is_eraseprotect_enabled
[2024-Feb-12 23:12:01] [debug] [SeggerBackend] - read_access_port_register
[2024-Feb-12 23:12:01] [debug] [SeggerBackend] - ---just_read_access_port_register
[2024-Feb-12 23:12:01] [debug] [SeggerBackend] - coresight_configure
[2024-Feb-12 23:12:01] [trace] [  JLink] - JLINK_GetHWStatus(...)  
[2024-Feb-12 23:12:01] [trace] [  JLink] - - 0.168ms returns 0  
[2024-Feb-12 23:12:01] [trace] [  JLink] - JLINK_HasError()  
[2024-Feb-12 23:12:01] [trace] [  JLink] - JLINK_CORESIGHT_Configure()  
[2024-Feb-12 23:12:01] [trace] [  JLink] - - 100.504ms returns 0  
[2024-Feb-12 23:12:01] [trace] [  JLink] - JLINK_HasError()  
[2024-Feb-12 23:12:01] [debug] [SeggerBackend] - read_debug_port_idr
[2024-Feb-12 23:12:01] [debug] [SeggerBackend] - read_debug_port_register
[2024-Feb-12 23:12:01] [debug] [SeggerBackend] - ---just_read_debug_port_register
[2024-Feb-12 23:12:01] [debug] [SeggerBackend] - ---just_select_debug_port_register
[2024-Feb-12 23:12:01] [debug] [SeggerBackend] - Select AP 255, DP Bank 0, AP Bank 255
[2024-Feb-12 23:12:01] [trace] [  JLink] - JLINK_CORESIGHT_WriteAPDPReg(DP reg 0x02, 0x00000000)  
[2024-Feb-12 23:12:01] [trace] [  JLink] - - 0.541ms returns -1  
[2024-Feb-12 23:12:01] [trace] [  JLink] - JLINK_HasError()  
[2024-Feb-12 23:12:01] [debug] [SeggerBackend] - ---just_abort_debug_action
[2024-Feb-12 23:12:01] [debug] [SeggerBackend] - Attempting to clear any configuration errors in debug port before closing connection. 
[2024-Feb-12 23:12:01] [trace] [  JLink] - JLINK_CORESIGHT_WriteAPDPReg(DP reg 0x00, 0x0000001F)  
[2024-Feb-12 23:12:01] [trace] [  JLink] - - 0.531ms returns -1  
[2024-Feb-12 23:12:01] [trace] [  JLink] - JLINK_HasError()  
[2024-Feb-12 23:12:01] [trace] [  JLink] - JLINK_CORESIGHT_WriteAPDPReg(DP reg 0x00, 0x0000001F)  
[2024-Feb-12 23:12:01] [trace] [  JLink] - - 0.516ms returns -1  
[2024-Feb-12 23:12:01] [trace] [  JLink] - JLINK_HasError()  
[2024-Feb-12 23:12:01] [trace] [  JLink] - JLINK_CORESIGHT_WriteAPDPReg(DP reg 0x00, 0x0000001F)  
[2024-Feb-12 23:12:01] [trace] [  JLink] - - 0.528ms returns -1  
[2024-Feb-12 23:12:01] [trace] [  JLink] - JLINK_HasError()  
[2024-Feb-12 23:12:01] [trace] [  JLink] - JLINK_CORESIGHT_WriteAPDPReg(DP reg 0x00, 0x0000001F)  
[2024-Feb-12 23:12:01] [trace] [  JLink] - - 0.524ms returns -1  
[2024-Feb-12 23:12:01] [trace] [  JLink] - JLINK_HasError()  
[2024-Feb-12 23:12:01] [trace] [  JLink] - JLINK_CORESIGHT_WriteAPDPReg(DP reg 0x00, 0x0000001F)  
[2024-Feb-12 23:12:01] [trace] [  JLink] - - 0.479ms returns -1  
[2024-Feb-12 23:12:01] [trace] [  JLink] - JLINK_HasError()  
[2024-Feb-12 23:12:01] [trace] [  JLink] - JLINK_CORESIGHT_WriteAPDPReg(DP reg 0x00, 0x0000001F)  
[2024-Feb-12 23:12:01] [trace] [  JLink] - - 0.510ms returns -1  
[2024-Feb-12 23:12:01] [trace] [  JLink] - JLINK_HasError()  
[2024-Feb-12 23:12:01] [trace] [  JLink] - JLINK_CORESIGHT_WriteAPDPReg(DP reg 0x02, 0x00000000)  
[2024-Feb-12 23:12:01] [trace] [  JLink] - - 0.481ms returns -1  
[2024-Feb-12 23:12:01] [trace] [  JLink] - JLINK_HasError()  
[2024-Feb-12 23:12:01] [debug] [SeggerBackend] - ---just_abort_debug_action
[2024-Feb-12 23:12:01] [debug] [SeggerBackend] - Attempting to clear any configuration errors in debug port before closing connection. 
[2024-Feb-12 23:12:01] [trace] [  JLink] - JLINK_CORESIGHT_WriteAPDPReg(DP reg 0x00, 0x0000001F)  
[2024-Feb-12 23:12:01] [trace] [  JLink] - - 0.490ms returns -1  
[2024-Feb-12 23:12:01] [trace] [  JLink] - JLINK_HasError()  
[2024-Feb-12 23:12:01] [trace] [  JLink] - JLINK_CORESIGHT_WriteAPDPReg(DP reg 0x00, 0x0000001F)  
[2024-Feb-12 23:12:01] [trace] [  JLink] - - 0.497ms returns -1  
[2024-Feb-12 23:12:01] [trace] [  JLink] - JLINK_HasError()  
[2024-Feb-12 23:12:01] [trace] [  JLink] - JLINK_CORESIGHT_WriteAPDPReg(DP reg 0x00, 0x0000001F)  
[2024-Feb-12 23:12:01] [trace] [  JLink] - - 0.513ms returns -1  
[2024-Feb-12 23:12:01] [trace] [  JLink] - JLINK_HasError()  
[2024-Feb-12 23:12:01] [trace] [  JLink] - JLINK_CORESIGHT_WriteAPDPReg(DP reg 0x00, 0x0000001F)  
[2024-Feb-12 23:12:01] [trace] [  JLink] - - 0.519ms returns -1  
[2024-Feb-12 23:12:01] [trace] [  JLink] - JLINK_HasError()  
[2024-Feb-12 23:12:01] [trace] [  JLink] - JLINK_CORESIGHT_WriteAPDPReg(DP reg 0x00, 0x0000001F)  
[2024-Feb-12 23:12:01] [trace] [  JLink] - - 0.510ms returns -1  
[2024-Feb-12 23:12:01] [trace] [  JLink] - JLINK_HasError()  
[2024-Feb-12 23:12:01] [trace] [  JLink] - JLINK_CORESIGHT_WriteAPDPReg(DP reg 0x00, 0x0000001F)  
[2024-Feb-12 23:12:01] [trace] [  JLink] - - 0.497ms returns -1  
[2024-Feb-12 23:12:01] [trace] [  JLink] - JLINK_HasError()  
[2024-Feb-12 23:12:01] [trace] [  JLink] - JLINK_CORESIGHT_WriteAPDPReg(DP reg 0x02, 0x00000000)  
[2024-Feb-12 23:12:01] [trace] [  JLink] - - 0.591ms returns -1  
[2024-Feb-12 23:12:01] [trace] [  JLink] - JLINK_HasError()  
[2024-Feb-12 23:12:01] [debug] [SeggerBackend] - ---just_abort_debug_action
[2024-Feb-12 23:12:01] [debug] [SeggerBackend] - Attempting to clear any configuration errors in debug port before closing connection. 
[2024-Feb-12 23:12:01] [trace] [  JLink] - JLINK_CORESIGHT_WriteAPDPReg(DP reg 0x00, 0x0000001F)  
[2024-Feb-12 23:12:01] [trace] [  JLink] - - 0.565ms returns -1  
[2024-Feb-12 23:12:01] [trace] [  JLink] - JLINK_HasError()  
[2024-Feb-12 23:12:01] [trace] [  JLink] - JLINK_CORESIGHT_WriteAPDPReg(DP reg 0x00, 0x0000001F)  
[2024-Feb-12 23:12:01] [trace] [  JLink] - - 0.522ms returns -1  
[2024-Feb-12 23:12:01] [trace] [  JLink] - JLINK_HasError()  
[2024-Feb-12 23:12:01] [trace] [  JLink] - JLINK_CORESIGHT_WriteAPDPReg(DP reg 0x00, 0x0000001F)  
[2024-Feb-12 23:12:01] [trace] [  JLink] - - 0.469ms returns -1  
[2024-Feb-12 23:12:01] [trace] [  JLink] - JLINK_HasError()  
[2024-Feb-12 23:12:01] [trace] [  JLink] - JLINK_CORESIGHT_WriteAPDPReg(DP reg 0x00, 0x0000001F)  
[2024-Feb-12 23:12:01] [trace] [  JLink] - - 0.521ms returns -1  
[2024-Feb-12 23:12:01] [trace] [  JLink] - JLINK_HasError()  
[2024-Feb-12 23:12:01] [trace] [  JLink] - JLINK_CORESIGHT_WriteAPDPReg(DP reg 0x00, 0x0000001F)  
[2024-Feb-12 23:12:01] [trace] [  JLink] - - 0.520ms returns -1  
[2024-Feb-12 23:12:01] [trace] [  JLink] - JLINK_HasError()  
[2024-Feb-12 23:12:01] [trace] [  JLink] - JLINK_CORESIGHT_WriteAPDPReg(DP reg 0x00, 0x0000001F)  
[2024-Feb-12 23:12:01] [trace] [  JLink] - - 0.516ms returns -1  
[2024-Feb-12 23:12:01] [trace] [  JLink] - JLINK_HasError()  
[2024-Feb-12 23:12:01] [trace] [  JLink] - JLINK_CORESIGHT_WriteAPDPReg(DP reg 0x02, 0x00000000)  
[2024-Feb-12 23:12:01] [trace] [  JLink] - - 0.493ms returns -1  
[2024-Feb-12 23:12:01] [trace] [  JLink] - JLINK_HasError()  
[2024-Feb-12 23:12:01] [debug] [SeggerBackend] - ---just_abort_debug_action
[2024-Feb-12 23:12:01] [debug] [SeggerBackend] - Attempting to clear any configuration errors in debug port before closing connection. 
[2024-Feb-12 23:12:01] [trace] [  JLink] - JLINK_CORESIGHT_WriteAPDPReg(DP reg 0x00, 0x0000001F)  
[2024-Feb-12 23:12:01] [trace] [  JLink] - - 0.499ms returns -1  
[2024-Feb-12 23:12:01] [trace] [  JLink] - JLINK_HasError()  
[2024-Feb-12 23:12:01] [trace] [  JLink] - JLINK_CORESIGHT_WriteAPDPReg(DP reg 0x00, 0x0000001F)  
[2024-Feb-12 23:12:01] [trace] [  JLink] - - 0.501ms returns -1  
[2024-Feb-12 23:12:01] [trace] [  JLink] - JLINK_HasError()  
[2024-Feb-12 23:12:01] [trace] [  JLink] - JLINK_CORESIGHT_WriteAPDPReg(DP reg 0x00, 0x0000001F)  
[2024-Feb-12 23:12:01] [trace] [  JLink] - - 0.466ms returns -1  
[2024-Feb-12 23:12:01] [trace] [  JLink] - JLINK_HasError()  
[2024-Feb-12 23:12:01] [trace] [  JLink] - JLINK_CORESIGHT_WriteAPDPReg(DP reg 0x00, 0x0000001F)  
[2024-Feb-12 23:12:01] [error] [ Client] - Encountered error -21: Command recover executed for 130 milliseconds with result -21
[2024-Feb-12 23:12:01] [trace] [  JLink] - - 0.501ms returns -1  
[2024-Feb-12 23:12:01] [trace] [  JLink] - JLINK_HasError()  
[2024-Feb-12 23:12:01] [trace] [  JLink] - JLINK_CORESIGHT_WriteAPDPReg(DP reg 0x00, 0x0000001F)  
[2024-Feb-12 23:12:01] [trace] [  JLink] - - 0.521ms returns -1  
[2024-Feb-12 23:12:01] [trace] [  JLink] - JLINK_HasError()  
[2024-Feb-12 23:12:01] [trace] [  JLink] - JLINK_CORESIGHT_WriteAPDPReg(DP reg 0x00, 0x0000001F)  
[2024-Feb-12 23:12:01] [trace] [  JLink] - - 0.517ms returns -1  
[2024-Feb-12 23:12:01] [trace] [  JLink] - JLINK_HasError()  
[2024-Feb-12 23:12:01] [trace] [  JLink] - JLINK_CORESIGHT_WriteAPDPReg(DP reg 0x02, 0x00000000)  
[2024-Feb-12 23:12:01] [trace] [  JLink] - - 0.493ms returns -1  
[2024-Feb-12 23:12:01] [trace] [  JLink] - JLINK_HasError()  
[2024-Feb-12 23:12:01] [debug] [SeggerBackend] - ---just_abort_debug_action
[2024-Feb-12 23:12:01] [debug] [SeggerBackend] - Attempting to clear any configuration errors in debug port before closing connection. 
[2024-Feb-12 23:12:01] [trace] [  JLink] - JLINK_CORESIGHT_WriteAPDPReg(DP reg 0x00, 0x0000001F)  
[2024-Feb-12 23:12:01] [trace] [  JLink] - - 0.500ms returns -1  
[2024-Feb-12 23:12:01] [trace] [  JLink] - JLINK_HasError()  
[2024-Feb-12 23:12:01] [trace] [  JLink] - JLINK_CORESIGHT_WriteAPDPReg(DP reg 0x00, 0x0000001F)  
[2024-Feb-12 23:12:01] [trace] [  JLink] - - 0.521ms returns -1  
[2024-Feb-12 23:12:01] [trace] [  JLink] - JLINK_HasError()  
[2024-Feb-12 23:12:01] [trace] [  JLink] - JLINK_CORESIGHT_WriteAPDPReg(DP reg 0x00, 0x0000001F)  
[2024-Feb-12 23:12:01] [trace] [  JLink] - - 0.575ms returns -1  
[2024-Feb-12 23:12:01] [trace] [  JLink] - JLINK_HasError()  
[2024-Feb-12 23:12:01] [trace] [  JLink] - JLINK_CORESIGHT_WriteAPDPReg(DP reg 0x00, 0x0000001F)  
[2024-Feb-12 23:12:01] [trace] [  JLink] - - 0.552ms returns -1  
[2024-Feb-12 23:12:01] [trace] [  JLink] - JLINK_HasError()  
[2024-Feb-12 23:12:01] [trace] [  JLink] - JLINK_CORESIGHT_WriteAPDPReg(DP reg 0x00, 0x0000001F)  
[2024-Feb-12 23:12:01] [trace] [  JLink] - - 0.526ms returns -1  
[2024-Feb-12 23:12:01] [trace] [  JLink] - JLINK_HasError()  
[2024-Feb-12 23:12:01] [trace] [  JLink] - JLINK_CORESIGHT_WriteAPDPReg(DP reg 0x00, 0x0000001F)  
[2024-Feb-12 23:12:01] [trace] [  JLink] - - 0.498ms returns -1  
[2024-Feb-12 23:12:01] [trace] [  JLink] - JLINK_HasError()  
[2024-Feb-12 23:12:01] [trace] [  JLink] - JLINK_CORESIGHT_WriteAPDPReg(DP reg 0x02, 0x00000000)  
[2024-Feb-12 23:12:01] [trace] [  JLink] - - 0.519ms returns -1  
[2024-Feb-12 23:12:01] [trace] [  JLink] - JLINK_HasError()  
[2024-Feb-12 23:12:01] [debug] [SeggerBackend] - ---just_abort_debug_action
[2024-Feb-12 23:12:01] [debug] [SeggerBackend] - Attempting to clear any configuration errors in debug port before closing connection. 
[2024-Feb-12 23:12:01] [trace] [  JLink] - JLINK_CORESIGHT_WriteAPDPReg(DP reg 0x00, 0x0000001F)  
[2024-Feb-12 23:12:01] [trace] [  JLink] - - 0.499ms returns -1  
[2024-Feb-12 23:12:01] [trace] [  JLink] - JLINK_HasError()  
[2024-Feb-12 23:12:01] [trace] [  JLink] - JLINK_CORESIGHT_WriteAPDPReg(DP reg 0x00, 0x0000001F)  
[2024-Feb-12 23:12:01] [trace] [  JLink] - - 0.521ms returns -1  
[2024-Feb-12 23:12:01] [trace] [  JLink] - JLINK_HasError()  
[2024-Feb-12 23:12:01] [trace] [  JLink] - JLINK_CORESIGHT_WriteAPDPReg(DP reg 0x00, 0x0000001F)  
[2024-Feb-12 23:12:01] [trace] [  JLink] - - 0.520ms returns -1  
[2024-Feb-12 23:12:01] [trace] [  JLink] - JLINK_HasError()  
[2024-Feb-12 23:12:01] [trace] [  JLink] - JLINK_CORESIGHT_WriteAPDPReg(DP reg 0x00, 0x0000001F)  
[2024-Feb-12 23:12:01] [trace] [  JLink] - - 0.496ms returns -1  
[2024-Feb-12 23:12:01] [trace] [  JLink] - JLINK_HasError()  
[2024-Feb-12 23:12:01] [trace] [  JLink] - JLINK_CORESIGHT_WriteAPDPReg(DP reg 0x00, 0x0000001F)  
[2024-Feb-12 23:12:01] [trace] [  JLink] - - 0.494ms returns -1  
[2024-Feb-12 23:12:01] [trace] [  JLink] - JLINK_HasError()  
[2024-Feb-12 23:12:01] [trace] [  JLink] - JLINK_CORESIGHT_WriteAPDPReg(DP reg 0x00, 0x0000001F)  
[2024-Feb-12 23:12:01] [trace] [  JLink] - - 0.489ms returns -1  
[2024-Feb-12 23:12:01] [trace] [  JLink] - JLINK_HasError()  
[2024-Feb-12 23:12:01] [trace] [  JLink] - - 0.040ms  
[2024-Feb-12 23:12:01] [error] [ Worker] - An unknown error.
[2024-Feb-12 23:12:01] [trace] [ Worker] - Command recover executed for 125 milliseconds with result -21
[2024-Feb-12 23:12:01] [debug] [  nRF53] - close
[2024-Feb-12 23:12:01] [debug] [SeggerBackend] - is_connected_to_emu
[2024-Feb-12 23:12:01] [trace] [  JLink] - JLINK_IsOpen()  
[2024-Feb-12 23:12:01] [trace] [  JLink] - - 0.002ms returns 0x01  
[2024-Feb-12 23:12:01] [trace] [  JLink] - JLINK_HasError()  
[2024-Feb-12 23:12:01] [trace] [  JLink] - JLINK_Lock()  
[2024-Feb-12 23:12:01] [debug] [SeggerBackend] - close
[2024-Feb-12 23:12:01] [debug] [SeggerBackend] - disconnect_from_emu
[2024-Feb-12 23:12:01] [debug] [SeggerBackend] - ---just_disconnect_from_emu
[2024-Feb-12 23:12:01] [debug] [SeggerBackend] - is_connected_to_device
[2024-Feb-12 23:12:01] [trace] [  JLink] - JLINK_IsConnected()  
[2024-Feb-12 23:12:01] [trace] [  JLink] - - 0.002ms returns FALSE  
[2024-Feb-12 23:12:01] [trace] [  JLink] - JLINK_HasError()  
[2024-Feb-12 23:12:01] [debug] [SeggerBackend] - ---just_is_debug_region_powered
[2024-Feb-12 23:12:01] [debug] [SeggerBackend] - ---just_read_debug_port_register
[2024-Feb-12 23:12:01] [debug] [SeggerBackend] - ---just_select_debug_port_register
[2024-Feb-12 23:12:01] [debug] [SeggerBackend] - Select AP 255, DP Bank 0, AP Bank 255
[2024-Feb-12 23:12:01] [trace] [  JLink] - JLINK_CORESIGHT_WriteAPDPReg(DP reg 0x02, 0x00000000)  
[2024-Feb-12 23:12:01] [trace] [  JLink] - - 0.517ms returns -1  
[2024-Feb-12 23:12:01] [trace] [  JLink] - JLINK_HasError()  
[2024-Feb-12 23:12:01] [debug] [SeggerBackend] - ---just_abort_debug_action
[2024-Feb-12 23:12:01] [debug] [SeggerBackend] - Attempting to clear any configuration errors in debug port before closing connection. 
[2024-Feb-12 23:12:01] [trace] [  JLink] - JLINK_CORESIGHT_WriteAPDPReg(DP reg 0x00, 0x0000001F)  
[2024-Feb-12 23:12:01] [trace] [  JLink] - - 0.523ms returns -1  
[2024-Feb-12 23:12:01] [trace] [  JLink] - JLINK_HasError()  
[2024-Feb-12 23:12:01] [trace] [  JLink] - JLINK_CORESIGHT_WriteAPDPReg(DP reg 0x00, 0x0000001F)  
[2024-Feb-12 23:12:01] [trace] [  JLink] - - 0.470ms returns -1  
[2024-Feb-12 23:12:01] [trace] [  JLink] - JLINK_HasError()  
[2024-Feb-12 23:12:01] [trace] [  JLink] - JLINK_CORESIGHT_WriteAPDPReg(DP reg 0x00, 0x0000001F)  
[2024-Feb-12 23:12:01] [trace] [  JLink] - - 0.491ms returns -1  
[2024-Feb-12 23:12:01] [trace] [  JLink] - JLINK_HasError()  
[2024-Feb-12 23:12:01] [trace] [  JLink] - JLINK_CORESIGHT_WriteAPDPReg(DP reg 0x00, 0x0000001F)  
[2024-Feb-12 23:12:01] [trace] [  JLink] - - 0.476ms returns -1  
[2024-Feb-12 23:12:01] [trace] [  JLink] - JLINK_HasError()  
[2024-Feb-12 23:12:01] [trace] [  JLink] - JLINK_CORESIGHT_WriteAPDPReg(DP reg 0x00, 0x0000001F)  
[2024-Feb-12 23:12:01] [trace] [  JLink] - - 0.490ms returns -1  
[2024-Feb-12 23:12:01] [trace] [  JLink] - JLINK_HasError()  
[2024-Feb-12 23:12:01] [trace] [  JLink] - JLINK_CORESIGHT_WriteAPDPReg(DP reg 0x00, 0x0000001F)  
[2024-Feb-12 23:12:01] [trace] [  JLink] - - 0.476ms returns -1  
[2024-Feb-12 23:12:01] [trace] [  JLink] - JLINK_HasError()  
[2024-Feb-12 23:12:01] [trace] [  JLink] - JLINK_CORESIGHT_WriteAPDPReg(DP reg 0x02, 0x00000000)  
[2024-Feb-12 23:12:01] [trace] [  JLink] - - 0.496ms returns -1  
[2024-Feb-12 23:12:01] [trace] [  JLink] - JLINK_HasError()  
[2024-Feb-12 23:12:01] [debug] [SeggerBackend] - ---just_abort_debug_action
[2024-Feb-12 23:12:01] [debug] [SeggerBackend] - Attempting to clear any configuration errors in debug port before closing connection. 
[2024-Feb-12 23:12:01] [trace] [  JLink] - JLINK_CORESIGHT_WriteAPDPReg(DP reg 0x00, 0x0000001F)  
[2024-Feb-12 23:12:01] [trace] [  JLink] - - 0.481ms returns -1  
[2024-Feb-12 23:12:01] [trace] [  JLink] - JLINK_HasError()  
[2024-Feb-12 23:12:01] [trace] [  JLink] - JLINK_CORESIGHT_WriteAPDPReg(DP reg 0x00, 0x0000001F)  
[2024-Feb-12 23:12:01] [trace] [  JLink] - - 0.548ms returns -1  
[2024-Feb-12 23:12:01] [trace] [  JLink] - JLINK_HasError()  
[2024-Feb-12 23:12:01] [trace] [  JLink] - JLINK_CORESIGHT_WriteAPDPReg(DP reg 0x00, 0x0000001F)  
[2024-Feb-12 23:12:01] [trace] [  JLink] - - 0.524ms returns -1  
[2024-Feb-12 23:12:01] [trace] [  JLink] - JLINK_HasError()  
[2024-Feb-12 23:12:01] [trace] [  JLink] - JLINK_CORESIGHT_WriteAPDPReg(DP reg 0x00, 0x0000001F)  
[2024-Feb-12 23:12:01] [trace] [  JLink] - - 0.521ms returns -1  
[2024-Feb-12 23:12:01] [trace] [  JLink] - JLINK_HasError()  
[2024-Feb-12 23:12:01] [trace] [  JLink] - JLINK_CORESIGHT_WriteAPDPReg(DP reg 0x00, 0x0000001F)  
[2024-Feb-12 23:12:01] [trace] [  JLink] - - 0.515ms returns -1  
[2024-Feb-12 23:12:01] [trace] [  JLink] - JLINK_HasError()  
[2024-Feb-12 23:12:01] [trace] [  JLink] - JLINK_CORESIGHT_WriteAPDPReg(DP reg 0x00, 0x0000001F)  
[2024-Feb-12 23:12:01] [trace] [  JLink] - - 0.476ms returns -1  
[2024-Feb-12 23:12:01] [trace] [  JLink] - JLINK_HasError()  
[2024-Feb-12 23:12:01] [trace] [  JLink] - JLINK_CORESIGHT_WriteAPDPReg(DP reg 0x02, 0x00000000)  
[2024-Feb-12 23:12:01] [trace] [  JLink] - - 0.487ms returns -1  
[2024-Feb-12 23:12:01] [trace] [  JLink] - JLINK_HasError()  
[2024-Feb-12 23:12:01] [debug] [SeggerBackend] - ---just_abort_debug_action
[2024-Feb-12 23:12:01] [debug] [SeggerBackend] - Attempting to clear any configuration errors in debug port before closing connection. 
[2024-Feb-12 23:12:01] [trace] [  JLink] - JLINK_CORESIGHT_WriteAPDPReg(DP reg 0x00, 0x0000001F)  
[2024-Feb-12 23:12:01] [trace] [  JLink] - - 0.485ms returns -1  
[2024-Feb-12 23:12:01] [trace] [  JLink] - JLINK_HasError()  
[2024-Feb-12 23:12:01] [trace] [  JLink] - JLINK_CORESIGHT_WriteAPDPReg(DP reg 0x00, 0x0000001F)  
[2024-Feb-12 23:12:01] [trace] [  JLink] - - 0.505ms returns -1  
[2024-Feb-12 23:12:01] [trace] [  JLink] - JLINK_HasError()  
[2024-Feb-12 23:12:01] [trace] [  JLink] - JLINK_CORESIGHT_WriteAPDPReg(DP reg 0x00, 0x0000001F)  
[2024-Feb-12 23:12:01] [trace] [  JLink] - - 0.481ms returns -1  
[2024-Feb-12 23:12:01] [trace] [  JLink] - JLINK_HasError()  
[2024-Feb-12 23:12:01] [trace] [  JLink] - JLINK_CORESIGHT_WriteAPDPReg(DP reg 0x00, 0x0000001F)  
[2024-Feb-12 23:12:01] [trace] [  JLink] - - 0.503ms returns -1  
[2024-Feb-12 23:12:01] [trace] [  JLink] - JLINK_HasError()  
[2024-Feb-12 23:12:01] [trace] [  JLink] - JLINK_CORESIGHT_WriteAPDPReg(DP reg 0x00, 0x0000001F)  
[2024-Feb-12 23:12:01] [trace] [  JLink] - - 0.485ms returns -1  
[2024-Feb-12 23:12:01] [trace] [  JLink] - JLINK_HasError()  
[2024-Feb-12 23:12:01] [trace] [  JLink] - JLINK_CORESIGHT_WriteAPDPReg(DP reg 0x00, 0x0000001F)  
[2024-Feb-12 23:12:01] [trace] [  JLink] - - 0.589ms returns -1  
[2024-Feb-12 23:12:01] [trace] [  JLink] - JLINK_HasError()  
[2024-Feb-12 23:12:01] [trace] [  JLink] - JLINK_CORESIGHT_WriteAPDPReg(DP reg 0x02, 0x00000000)  
[2024-Feb-12 23:12:01] [trace] [  JLink] - - 0.547ms returns -1  
[2024-Feb-12 23:12:01] [trace] [  JLink] - JLINK_HasError()  
[2024-Feb-12 23:12:01] [debug] [SeggerBackend] - ---just_abort_debug_action
[2024-Feb-12 23:12:01] [debug] [SeggerBackend] - Attempting to clear any configuration errors in debug port before closing connection. 
[2024-Feb-12 23:12:01] [trace] [  JLink] - JLINK_CORESIGHT_WriteAPDPReg(DP reg 0x00, 0x0000001F)  
[2024-Feb-12 23:12:01] [trace] [  JLink] - - 0.495ms returns -1  
[2024-Feb-12 23:12:01] [trace] [  JLink] - JLINK_HasError()  
[2024-Feb-12 23:12:01] [trace] [  JLink] - JLINK_CORESIGHT_WriteAPDPReg(DP reg 0x00, 0x0000001F)  
[2024-Feb-12 23:12:01] [trace] [  JLink] - - 0.470ms returns -1  
[2024-Feb-12 23:12:01] [trace] [  JLink] - JLINK_HasError()  
[2024-Feb-12 23:12:01] [trace] [  JLink] - JLINK_CORESIGHT_WriteAPDPReg(DP reg 0x00, 0x0000001F)  
[2024-Feb-12 23:12:01] [trace] [  JLink] - - 0.490ms returns -1  
[2024-Feb-12 23:12:01] [trace] [  JLink] - JLINK_HasError()  
[2024-Feb-12 23:12:01] [trace] [  JLink] - JLINK_CORESIGHT_WriteAPDPReg(DP reg 0x00, 0x0000001F)  
[2024-Feb-12 23:12:01] [trace] [  JLink] - - 0.457ms returns -1  
[2024-Feb-12 23:12:01] [trace] [  JLink] - JLINK_HasError()  
[2024-Feb-12 23:12:01] [trace] [  JLink] - JLINK_CORESIGHT_WriteAPDPReg(DP reg 0x00, 0x0000001F)  
[2024-Feb-12 23:12:01] [trace] [  JLink] - - 0.467ms returns -1  
[2024-Feb-12 23:12:01] [trace] [  JLink] - JLINK_HasError()  
[2024-Feb-12 23:12:01] [trace] [  JLink] - JLINK_CORESIGHT_WriteAPDPReg(DP reg 0x00, 0x0000001F)  
[2024-Feb-12 23:12:01] [trace] [  JLink] - - 0.468ms returns -1  
[2024-Feb-12 23:12:01] [trace] [  JLink] - JLINK_HasError()  
[2024-Feb-12 23:12:01] [trace] [  JLink] - JLINK_CORESIGHT_WriteAPDPReg(DP reg 0x02, 0x00000000)  
[2024-Feb-12 23:12:01] [trace] [  JLink] - - 0.467ms returns -1  
[2024-Feb-12 23:12:01] [trace] [  JLink] - JLINK_HasError()  
[2024-Feb-12 23:12:01] [debug] [SeggerBackend] - ---just_abort_debug_action
[2024-Feb-12 23:12:01] [debug] [SeggerBackend] - Attempting to clear any configuration errors in debug port before closing connection. 
[2024-Feb-12 23:12:01] [trace] [  JLink] - JLINK_CORESIGHT_WriteAPDPReg(DP reg 0x00, 0x0000001F)  
[2024-Feb-12 23:12:01] [trace] [  JLink] - - 0.497ms returns -1  
[2024-Feb-12 23:12:01] [trace] [  JLink] - JLINK_HasError()  
[2024-Feb-12 23:12:01] [trace] [  JLink] - JLINK_CORESIGHT_WriteAPDPReg(DP reg 0x00, 0x0000001F)  
[2024-Feb-12 23:12:01] [trace] [  JLink] - - 0.466ms returns -1  
[2024-Feb-12 23:12:01] [trace] [  JLink] - JLINK_HasError()  
[2024-Feb-12 23:12:01] [trace] [  JLink] - JLINK_CORESIGHT_WriteAPDPReg(DP reg 0x00, 0x0000001F)  
[2024-Feb-12 23:12:01] [trace] [  JLink] - - 0.500ms returns -1  
[2024-Feb-12 23:12:01] [trace] [  JLink] - JLINK_HasError()  
[2024-Feb-12 23:12:01] [trace] [  JLink] - JLINK_CORESIGHT_WriteAPDPReg(DP reg 0x00, 0x0000001F)  
[2024-Feb-12 23:12:01] [trace] [  JLink] - - 0.504ms returns -1  
[2024-Feb-12 23:12:01] [trace] [  JLink] - JLINK_HasError()  
[2024-Feb-12 23:12:01] [trace] [  JLink] - JLINK_CORESIGHT_WriteAPDPReg(DP reg 0x00, 0x0000001F)  
[2024-Feb-12 23:12:01] [trace] [  JLink] - - 0.489ms returns -1  
[2024-Feb-12 23:12:01] [trace] [  JLink] - JLINK_HasError()  
[2024-Feb-12 23:12:01] [trace] [  JLink] - JLINK_CORESIGHT_WriteAPDPReg(DP reg 0x00, 0x0000001F)  
[2024-Feb-12 23:12:01] [trace] [  JLink] - - 0.491ms returns -1  
[2024-Feb-12 23:12:01] [trace] [  JLink] - JLINK_HasError()  
[2024-Feb-12 23:12:01] [trace] [  JLink] - JLINK_CORESIGHT_WriteAPDPReg(DP reg 0x02, 0x00000000)  
[2024-Feb-12 23:12:01] [trace] [  JLink] - - 0.490ms returns -1  
[2024-Feb-12 23:12:01] [trace] [  JLink] - JLINK_HasError()  
[2024-Feb-12 23:12:01] [debug] [SeggerBackend] - ---just_abort_debug_action
[2024-Feb-12 23:12:01] [debug] [SeggerBackend] - Attempting to clear any configuration errors in debug port before closing connection. 
[2024-Feb-12 23:12:01] [trace] [  JLink] - JLINK_CORESIGHT_WriteAPDPReg(DP reg 0x00, 0x0000001F)  
[2024-Feb-12 23:12:01] [trace] [  JLink] - - 0.492ms returns -1  
[2024-Feb-12 23:12:01] [trace] [  JLink] - JLINK_HasError()  
[2024-Feb-12 23:12:01] [trace] [  JLink] - JLINK_CORESIGHT_WriteAPDPReg(DP reg 0x00, 0x0000001F)  
[2024-Feb-12 23:12:01] [trace] [  JLink] - - 0.480ms returns -1  
[2024-Feb-12 23:12:01] [trace] [  JLink] - JLINK_HasError()  
[2024-Feb-12 23:12:01] [trace] [  JLink] - JLINK_CORESIGHT_WriteAPDPReg(DP reg 0x00, 0x0000001F)  
[2024-Feb-12 23:12:01] [trace] [  JLink] - - 0.475ms returns -1  
[2024-Feb-12 23:12:01] [trace] [  JLink] - JLINK_HasError()  
[2024-Feb-12 23:12:01] [trace] [  JLink] - JLINK_CORESIGHT_WriteAPDPReg(DP reg 0x00, 0x0000001F)  
[2024-Feb-12 23:12:01] [trace] [  JLink] - - 0.467ms returns -1  
[2024-Feb-12 23:12:01] [trace] [  JLink] - JLINK_HasError()  
[2024-Feb-12 23:12:01] [trace] [  JLink] - JLINK_CORESIGHT_WriteAPDPRe[2024-Feb-12 23:38:12] [debug] --------------------------------------------------------------------------------
[2024-Feb-12 23:38:12] [debug] nrfjprog --recover --family nRF53 --log 
[2024-Feb-12 23:38:12] [debug] nrfjprog version 10.24.0 external
[2024-Feb-12 23:38:12] [debug] --------------------------------------------------------------------------------
[2024-Feb-12 23:38:12] [ info] Load library at /Applications/Nordic Semiconductor/lib/libnrfjprogdll.dylib.
[2024-Feb-12 23:38:12] [ info] Library loaded, loading member functions.
[2024-Feb-12 23:38:12] [ info] Member functions succesfully loaded.
[2024-Feb-12 23:38:12] [debug] [ Client] - open
[2024-Feb-12 23:38:12] [debug] [ Client] - start
[2024-Feb-12 23:38:12] [ info] [ Client] - stdout: Jlinkarm nRF Worker ready. Handling sequence a81c2eb5-5589-4a0c-8109-5cd89d06eefe.
[2024-Feb-12 23:38:12] [trace] [ Client] - Command open executed for 24 milliseconds with result 0
[2024-Feb-12 23:38:12] [debug] [ Client] - config
[2024-Feb-12 23:38:12] [debug] [SeggerBackend] - Logger sink registered in Segger backend logger
[2024-Feb-12 23:38:12] [debug] [  JLink] - Logger sink registered in JLink logger
[2024-Feb-12 23:38:12] [debug] [  nRF53] - open
[2024-Feb-12 23:38:12] [debug] [  nRF53] - just_check_family
[2024-Feb-12 23:38:12] [debug] [SeggerBackend] - open_dll
[2024-Feb-12 23:38:12] [debug] [SeggerBackend] - No J-Link DLL path was provided. Attempting to auto detect.
[2024-Feb-12 23:38:12] [ info] [SeggerBackend] - Load library at /Applications/SEGGER/JLink/libjlinkarm.dylib.
[2024-Feb-12 23:38:12] [ info] [SeggerBackend] - Library loaded, loading member functions.
[2024-Feb-12 23:38:12] [ info] [SeggerBackend] - Member functions succesfully loaded.
[2024-Feb-12 23:38:12] [debug] [SeggerBackend] - Set batch mode
[2024-Feb-12 23:38:12] [debug] [SeggerBackend] - dll_version
[2024-Feb-12 23:38:12] [ info] [SeggerBackend] - Segger dll version 7.94.e loaded.
[2024-Feb-12 23:38:12] [trace] [ Worker] - Command open executed for 13 milliseconds with result 0
[2024-Feb-12 23:38:12] [trace] [ Client] - Command config executed for 12 milliseconds with result 0
[2024-Feb-12 23:38:12] [debug] [ Client] - enum_emu_snr
[2024-Feb-12 23:38:12] [trace] [ Client] - Command enum_emu_con_info executed for 6 milliseconds with result 0
[2024-Feb-12 23:38:12] [debug] [ Client] - connect_to_emu_with_snr
[2024-Feb-12 23:38:12] [debug] [  nRF53] - config
[2024-Feb-12 23:38:12] [debug] [SeggerBackend] - enum_emu_snr
[2024-Feb-12 23:38:12] [trace] [ Worker] - Command config executed for 3 milliseconds with result 0
[2024-Feb-12 23:38:12] [debug] [  nRF53] - enum_emu_con_info
[2024-Feb-12 23:38:12] [debug] [SeggerBackend] - is_connected_to_emu
[2024-Feb-12 23:38:12] [debug] [SeggerBackend] - enum_emu_con_info
[2024-Feb-12 23:38:12] [debug] [SeggerBackend] - is_connected_to_emu
[2024-Feb-12 23:38:12] [trace] [ Worker] - Command enum_emu_con_info executed for 0 milliseconds with result 0
[2024-Feb-12 23:38:12] [debug] [  nRF53] - connect_to_emu_with_snr
[2024-Feb-12 23:38:12] [debug] [SeggerBackend] - is_connected_to_emu
[2024-Feb-12 23:38:12] [debug] [SeggerBackend] - connect_to_emu_with_snr
[2024-Feb-12 23:38:12] [debug] [SeggerBackend] - is_connected_to_emu
[2024-Feb-12 23:38:12] [debug] [SeggerBackend] - ---just_enum_emu_snr
[2024-Feb-12 23:38:12] [debug] [SeggerBackend] - ---just_get_num_emus
[2024-Feb-12 23:38:12] [debug] [SeggerBackend] - ---just_connect_to_emu_with_snr
[2024-Feb-12 23:38:12] [debug] [SeggerBackend] - ---just_connect_to_emu_without_snr
[2024-Feb-12 23:38:12] [debug] [SeggerBackend] - Segger logging enabled.
[2024-Feb-12 23:38:12] [trace] [  JLink] - Firmware: J-Link OB-K22-NordicSemi compiled Oct 30 2023 12:12:53
[2024-Feb-12 23:38:12] [trace] [  JLink] - Firmware: J-Link OB-K22-NordicSemi compiled Oct 30 2023 12:12:53
[2024-Feb-12 23:38:12] [trace] [  JLink] - Hardware: V1.00
[2024-Feb-12 23:38:12] [trace] [  JLink] - S/N: 960157480
[2024-Feb-12 23:38:12] [trace] [  JLink] - OEM: SEGGER
[2024-Feb-12 23:38:12] [trace] [  JLink] - Feature(s): RDI, FlashBP, FlashDL, JFlash, GDB
[2024-Feb-12 23:38:12] [trace] [  JLink] - Bootloader: 2018 Aug 07
[2024-Feb-12 23:38:12] [trace] [  JLink] - USB speed mode: Full speed (12 MBit/s)
[2024-Feb-12 23:38:12] [trace] [  JLink] - TELNET listener socket opened on port 19021
[2024-Feb-12 23:38:12] [trace] [  JLink] - WEBSRV WEBSRV_Init(): Starting webserver thread(s)
[2024-Feb-12 23:38:12] [trace] [  JLink] - WEBSRV Webserver running on local port 19080
[2024-Feb-12 23:38:12] [trace] [  JLink] - Looking for J-Link GUI Server exe at: /Applications/SEGGER/JLink_V794e/JLinkGUIServerExe 
[2024-Feb-12 23:38:12] [trace] [  JLink] - Forking J-Link GUI Server: /Applications/SEGGER/JLink_V794e/JLinkGUIServerExe 
[2024-Feb-12 23:38:12] [trace] [  JLink] - J-Link GUI Server info: "J-Link GUI server V7.94e " 
[2024-Feb-12 23:38:12] [trace] [ Client] - Command connect_to_emu_with_snr executed for 489 milliseconds with result 0
[2024-Feb-12 23:38:12] [debug] [ Client] - read_connected_emu_snr
[2024-Feb-12 23:38:12] [trace] [ Client] - Command read_connected_emu_snr executed for 6 milliseconds with result 0
[2024-Feb-12 23:38:12] [debug] [ Client] - recover
[2024-Feb-12 23:38:12] [trace] [  JLink] - - 460.766ms returns "O.K."  
[2024-Feb-12 23:38:12] [trace] [  JLink] - JLINK_HasError()  
[2024-Feb-12 23:38:12] [trace] [  JLink] - JLINK_Lock()  
[2024-Feb-12 23:38:12] [trace] [  JLink] - JLINK_ExecCommand("SetRestartOnClose = 0", ...).   
[2024-Feb-12 23:38:12] [trace] [  JLink] - - 0.132ms returns 0x01  
[2024-Feb-12 23:38:12] [trace] [  JLink] - JLINK_HasError()  
[2024-Feb-12 23:38:12] [trace] [  JLink] - JLINK_ExecCommand("DisableFlashDL", ...).   
[2024-Feb-12 23:38:12] [trace] [  JLink] - - 0.000ms returns 0x00  
[2024-Feb-12 23:38:12] [trace] [  JLink] - JLINK_HasError()  
[2024-Feb-12 23:38:12] [trace] [  JLink] - JLINK_ExecCommand("ExcludeFlashCacheRange 0x0-0xFFFFFFFF", ...).   
[2024-Feb-12 23:38:12] [trace] [  JLink] - - 0.197ms returns 0x00  
[2024-Feb-12 23:38:12] [trace] [  JLink] - JLINK_HasError()  
[2024-Feb-12 23:38:12] [trace] [  JLink] - JLINK_SetHookUnsecureDialog  
[2024-Feb-12 23:38:12] [trace] [  JLink] - JLINK_SetHookUnsecureDialog(...)
[2024-Feb-12 23:38:12] [trace] [  JLink] - - 0.003ms returns 0  
[2024-Feb-12 23:38:12] [trace] [  JLink] - JLINK_HasError()  
[2024-Feb-12 23:38:12] [trace] [  JLink] - JLINK_TIF_Select(JLINKARM_TIF_SWD)  
[2024-Feb-12 23:38:12] [trace] [  JLink] - - 0.573ms returns 0x00  
[2024-Feb-12 23:38:12] [trace] [  JLink] - JLINK_HasError()  
[2024-Feb-12 23:38:12] [trace] [  JLink] - JLINK_GetSpeedInfo()  
[2024-Feb-12 23:38:12] [trace] [  JLink] - 72000000 Hz / n, n >= 36
[2024-Feb-12 23:38:12] [trace] [  JLink] - - 0.003ms  
[2024-Feb-12 23:38:12] [trace] [  JLink] - JLINK_HasError()  
[2024-Feb-12 23:38:12] [debug] [SeggerBackend] - Connected emulator supports SWD speeds up to 2000kHz
[2024-Feb-12 23:38:12] [trace] [  JLink] - JLINK_SetSpeed(2000)  
[2024-Feb-12 23:38:12] [trace] [  JLink] - - 0.152ms  
[2024-Feb-12 23:38:12] [trace] [  JLink] - JLINK_HasError()  
[2024-Feb-12 23:38:12] [trace] [  JLink] - JLINK_GetSpeed()  
[2024-Feb-12 23:38:12] [trace] [  JLink] - - 0.001ms returns 2000  
[2024-Feb-12 23:38:12] [trace] [  JLink] - JLINK_HasError()  
[2024-Feb-12 23:38:12] [debug] [SeggerBackend] - SWD clock set to 2000kHz
[2024-Feb-12 23:38:12] [trace] [  JLink] - JLINK_GetSN()  
[2024-Feb-12 23:38:12] [trace] [  JLink] - - 0.001ms returns 960157480  
[2024-Feb-12 23:38:12] [trace] [  JLink] - JLINK_HasError()  
[2024-Feb-12 23:38:12] [trace] [  JLink] - - 0.002ms  
[2024-Feb-12 23:38:12] [debug] [  nRF53] - read_device_family
[2024-Feb-12 23:38:12] [trace] [ Worker] - Command connect_to_emu_with_snr executed for 482 milliseconds with result 0
[2024-Feb-12 23:38:12] [debug] [  nRF53] - read_connected_emu_snr
[2024-Feb-12 23:38:12] [debug] [SeggerBackend] - is_connected_to_emu
[2024-Feb-12 23:38:12] [trace] [  JLink] - JLINK_IsOpen()  
[2024-Feb-12 23:38:12] [trace] [  JLink] - - 0.004ms returns 0x01  
[2024-Feb-12 23:38:12] [trace] [  JLink] - JLINK_HasError()  
[2024-Feb-12 23:38:12] [trace] [  JLink] - JLINK_Lock()  
[2024-Feb-12 23:38:12] [debug] [SeggerBackend] - read_connected_emu_snr
[2024-Feb-12 23:38:12] [trace] [  JLink] - - 0.001ms  
[2024-Feb-12 23:38:12] [trace] [ Worker] - Command read_connected_emu_snr executed for 0 milliseconds with result 0
[2024-Feb-12 23:38:12] [debug] [  nRF53] - recover
[2024-Feb-12 23:38:12] [debug] [SeggerBackend] - is_connected_to_emu
[2024-Feb-12 23:38:12] [trace] [  JLink] - JLINK_IsOpen()  
[2024-Feb-12 23:38:12] [trace] [  JLink] - - 0.004ms returns 0x01  
[2024-Feb-12 23:38:12] [trace] [  JLink] - JLINK_HasError()  
[2024-Feb-12 23:38:12] [trace] [  JLink] - JLINK_Lock()  
[2024-Feb-12 23:38:12] [debug] [SeggerBackend] - is_connected_to_emu
[2024-Feb-12 23:38:12] [debug] [  nRF53] - just_recover
[2024-Feb-12 23:38:12] [debug] [  nRF53] - Just_is_eraseprotect_enabled
[2024-Feb-12 23:38:12] [debug] [SeggerBackend] - read_access_port_register
[2024-Feb-12 23:38:12] [debug] [SeggerBackend] - ---just_read_access_port_register
[2024-Feb-12 23:38:12] [debug] [SeggerBackend] - coresight_configure
[2024-Feb-12 23:38:12] [trace] [  JLink] - JLINK_GetHWStatus(...)  
[2024-Feb-12 23:38:12] [trace] [  JLink] - - 0.238ms returns 0  
[2024-Feb-12 23:38:12] [trace] [  JLink] - JLINK_HasError()  
[2024-Feb-12 23:38:12] [trace] [  JLink] - JLINK_CORESIGHT_Configure()  
[2024-Feb-12 23:38:12] [trace] [  JLink] - - 100.527ms returns 0  
[2024-Feb-12 23:38:12] [error] [ Client] - Encountered error -21: Command recover executed for 126 milliseconds with result -21
[2024-Feb-12 23:38:12] [trace] [  JLink] - JLINK_HasError()  
[2024-Feb-12 23:38:12] [debug] [SeggerBackend] - read_debug_port_idr
[2024-Feb-12 23:38:12] [debug] [SeggerBackend] - read_debug_port_register
[2024-Feb-12 23:38:12] [debug] [SeggerBackend] - ---just_read_debug_port_register
[2024-Feb-12 23:38:12] [debug] [SeggerBackend] - ---just_select_debug_port_register
[2024-Feb-12 23:38:12] [debug] [SeggerBackend] - Select AP 255, DP Bank 0, AP Bank 255
[2024-Feb-12 23:38:12] [trace] [  JLink] - JLINK_CORESIGHT_WriteAPDPReg(DP reg 0x02, 0x00000000)  
[2024-Feb-12 23:38:12] [trace] [  JLink] - - 0.489ms returns -1  
[2024-Feb-12 23:38:12] [trace] [  JLink] - JLINK_HasError()  
[2024-Feb-12 23:38:12] [debug] [SeggerBackend] - ---just_abort_debug_action
[2024-Feb-12 23:38:12] [debug] [SeggerBackend] - Attempting to clear any configuration errors in debug port before closing connection. 
[2024-Feb-12 23:38:12] [trace] [  JLink] - JLINK_CORESIGHT_WriteAPDPReg(DP reg 0x00, 0x0000001F)  
[2024-Feb-12 23:38:12] [trace] [  JLink] - - 0.470ms returns -1  
[2024-Feb-12 23:38:12] [trace] [  JLink] - JLINK_HasError()  
[2024-Feb-12 23:38:12] [trace] [  JLink] - JLINK_CORESIGHT_WriteAPDPReg(DP reg 0x00, 0x0000001F)  
[2024-Feb-12 23:38:12] [trace] [  JLink] - - 0.459ms returns -1  
[2024-Feb-12 23:38:12] [trace] [  JLink] - JLINK_HasError()  
[2024-Feb-12 23:38:12] [trace] [  JLink] - JLINK_CORESIGHT_WriteAPDPReg(DP reg 0x00, 0x0000001F)  
[2024-Feb-12 23:38:12] [trace] [  JLink] - - 0.550ms returns -1  
[2024-Feb-12 23:38:12] [trace] [  JLink] - JLINK_HasError()  
[2024-Feb-12 23:38:12] [trace] [  JLink] - JLINK_CORESIGHT_WriteAPDPReg(DP reg 0x00, 0x0000001F)  
[2024-Feb-12 23:38:12] [trace] [  JLink] - - 0.459ms returns -1  
[2024-Feb-12 23:38:12] [trace] [  JLink] - JLINK_HasError()  
[2024-Feb-12 23:38:12] [trace] [  JLink] - JLINK_CORESIGHT_WriteAPDPReg(DP reg 0x00, 0x0000001F)  
[2024-Feb-12 23:38:12] [trace] [  JLink] - - 0.520ms returns -1  
[2024-Feb-12 23:38:12] [trace] [  JLink] - JLINK_HasError()  
[2024-Feb-12 23:38:12] [trace] [  JLink] - JLINK_CORESIGHT_WriteAPDPReg(DP reg 0x00, 0x0000001F)  
[2024-Feb-12 23:38:12] [trace] [  JLink] - - 0.530ms returns -1  
[2024-Feb-12 23:38:12] [trace] [  JLink] - JLINK_HasError()  
[2024-Feb-12 23:38:12] [trace] [  JLink] - JLINK_CORESIGHT_WriteAPDPReg(DP reg 0x02, 0x00000000)  
[2024-Feb-12 23:38:12] [trace] [  JLink] - - 0.477ms returns -1  
[2024-Feb-12 23:38:12] [trace] [  JLink] - JLINK_HasError()  
[2024-Feb-12 23:38:12] [debug] [SeggerBackend] - ---just_abort_debug_action
[2024-Feb-12 23:38:12] [debug] [SeggerBackend] - Attempting to clear any configuration errors in debug port before closing connection. 
[2024-Feb-12 23:38:12] [trace] [  JLink] - JLINK_CORESIGHT_WriteAPDPReg(DP reg 0x00, 0x0000001F)  
[2024-Feb-12 23:38:12] [trace] [  JLink] - - 0.474ms returns -1  
[2024-Feb-12 23:38:12] [trace] [  JLink] - JLINK_HasError()  
[2024-Feb-12 23:38:12] [trace] [  JLink] - JLINK_CORESIGHT_WriteAPDPReg(DP reg 0x00, 0x0000001F)  
[2024-Feb-12 23:38:12] [trace] [  JLink] - - 0.475ms returns -1  
[2024-Feb-12 23:38:12] [trace] [  JLink] - JLINK_HasError()  
[2024-Feb-12 23:38:12] [trace] [  JLink] - JLINK_CORESIGHT_WriteAPDPReg(DP reg 0x00, 0x0000001F)  
[2024-Feb-12 23:38:12] [trace] [  JLink] - - 0.467ms returns -1  
[2024-Feb-12 23:38:12] [trace] [  JLink] - JLINK_HasError()  
[2024-Feb-12 23:38:12] [trace] [  JLink] - JLINK_CORESIGHT_WriteAPDPReg(DP reg 0x00, 0x0000001F)  
[2024-Feb-12 23:38:12] [trace] [  JLink] - - 0.478ms returns -1  
[2024-Feb-12 23:38:12] [trace] [  JLink] - JLINK_HasError()  
[2024-Feb-12 23:38:12] [trace] [  JLink] - JLINK_CORESIGHT_WriteAPDPReg(DP reg 0x00, 0x0000001F)  
[2024-Feb-12 23:38:12] [trace] [  JLink] - - 0.480ms returns -1  
[2024-Feb-12 23:38:12] [trace] [  JLink] - JLINK_HasError()  
[2024-Feb-12 23:38:12] [trace] [  JLink] - JLINK_CORESIGHT_WriteAPDPReg(DP reg 0x00, 0x0000001F)  
[2024-Feb-12 23:38:12] [trace] [  JLink] - - 0.483ms returns -1  
[2024-Feb-12 23:38:12] [trace] [  JLink] - JLINK_HasError()  
[2024-Feb-12 23:38:12] [trace] [  JLink] - JLINK_CORESIGHT_WriteAPDPReg(DP reg 0x02, 0x00000000)  
[2024-Feb-12 23:38:12] [trace] [  JLink] - - 0.475ms returns -1  
[2024-Feb-12 23:38:12] [trace] [  JLink] - JLINK_HasError()  
[2024-Feb-12 23:38:12] [debug] [SeggerBackend] - ---just_abort_debug_action
[2024-Feb-12 23:38:12] [debug] [SeggerBackend] - Attempting to clear any configuration errors in debug port before closing connection. 
[2024-Feb-12 23:38:12] [trace] [  JLink] - JLINK_CORESIGHT_WriteAPDPReg(DP reg 0x00, 0x0000001F)  
[2024-Feb-12 23:38:12] [trace] [  JLink] - - 0.482ms returns -1  
[2024-Feb-12 23:38:12] [trace] [  JLink] - JLINK_HasError()  
[2024-Feb-12 23:38:12] [trace] [  JLink] - JLINK_CORESIGHT_WriteAPDPReg(DP reg 0x00, 0x0000001F)  
[2024-Feb-12 23:38:12] [trace] [  JLink] - - 0.490ms returns -1  
[2024-Feb-12 23:38:12] [trace] [  JLink] - JLINK_HasError()  
[2024-Feb-12 23:38:12] [trace] [  JLink] - JLINK_CORESIGHT_WriteAPDPReg(DP reg 0x00, 0x0000001F)  
[2024-Feb-12 23:38:12] [trace] [  JLink] - - 0.477ms returns -1  
[2024-Feb-12 23:38:12] [trace] [  JLink] - JLINK_HasError()  
[2024-Feb-12 23:38:12] [trace] [  JLink] - JLINK_CORESIGHT_WriteAPDPReg(DP reg 0x00, 0x0000001F)  
[2024-Feb-12 23:38:12] [trace] [  JLink] - - 0.497ms returns -1  
[2024-Feb-12 23:38:12] [trace] [  JLink] - JLINK_HasError()  
[2024-Feb-12 23:38:12] [trace] [  JLink] - JLINK_CORESIGHT_WriteAPDPReg(DP reg 0x00, 0x0000001F)  
[2024-Feb-12 23:38:12] [trace] [  JLink] - - 0.488ms returns -1  
[2024-Feb-12 23:38:12] [trace] [  JLink] - JLINK_HasError()  
[2024-Feb-12 23:38:12] [trace] [  JLink] - JLINK_CORESIGHT_WriteAPDPReg(DP reg 0x00, 0x0000001F)  
[2024-Feb-12 23:38:12] [trace] [  JLink] - - 0.483ms returns -1  
[2024-Feb-12 23:38:12] [trace] [  JLink] - JLINK_HasError()  
[2024-Feb-12 23:38:12] [trace] [  JLink] - JLINK_CORESIGHT_WriteAPDPReg(DP reg 0x02, 0x00000000)  
[2024-Feb-12 23:38:12] [trace] [  JLink] - - 0.491ms returns -1  
[2024-Feb-12 23:38:12] [trace] [  JLink] - JLINK_HasError()  
[2024-Feb-12 23:38:12] [debug] [SeggerBackend] - ---just_abort_debug_action
[2024-Feb-12 23:38:12] [debug] [SeggerBackend] - Attempting to clear any configuration errors in debug port before closing connection. 
[2024-Feb-12 23:38:12] [trace] [  JLink] - JLINK_CORESIGHT_WriteAPDPReg(DP reg 0x00, 0x0000001F)  
[2024-Feb-12 23:38:12] [trace] [  JLink] - - 0.471ms returns -1  
[2024-Feb-12 23:38:12] [trace] [  JLink] - JLINK_HasError()  
[2024-Feb-12 23:38:12] [trace] [  JLink] - JLINK_CORESIGHT_WriteAPDPReg(DP reg 0x00, 0x0000001F)  
[2024-Feb-12 23:38:12] [trace] [  JLink] - - 0.494ms returns -1  
[2024-Feb-12 23:38:12] [trace] [  JLink] - JLINK_HasError()  
[2024-Feb-12 23:38:12] [trace] [  JLink] - JLINK_CORESIGHT_WriteAPDPReg(DP reg 0x00, 0x0000001F)  
[2024-Feb-12 23:38:12] [trace] [  JLink] - - 0.483ms returns -1  
[2024-Feb-12 23:38:12] [trace] [  JLink] - JLINK_HasError()  
[2024-Feb-12 23:38:12] [trace] [  JLink] - JLINK_CORESIGHT_WriteAPDPReg(DP reg 0x00, 0x0000001F)  
[2024-Feb-12 23:38:12] [trace] [  JLink] - - 0.491ms returns -1  
[2024-Feb-12 23:38:12] [trace] [  JLink] - JLINK_HasError()  
[2024-Feb-12 23:38:12] [trace] [  JLink] - JLINK_CORESIGHT_WriteAPDPReg(DP reg 0x00, 0x0000001F)  
[2024-Feb-12 23:38:12] [trace] [  JLink] - - 0.491ms returns -1  
[2024-Feb-12 23:38:12] [trace] [  JLink] - JLINK_HasError()  
[2024-Feb-12 23:38:12] [trace] [  JLink] - JLINK_CORESIGHT_WriteAPDPReg(DP reg 0x00, 0x0000001F)  
[2024-Feb-12 23:38:12] [trace] [  JLink] - - 0.489ms returns -1  
[2024-Feb-12 23:38:12] [trace] [  JLink] - JLINK_HasError()  
[2024-Feb-12 23:38:12] [trace] [  JLink] - JLINK_CORESIGHT_WriteAPDPReg(DP reg 0x02, 0x00000000)  
[2024-Feb-12 23:38:12] [trace] [  JLink] - - 0.474ms returns -1  
[2024-Feb-12 23:38:12] [trace] [  JLink] - JLINK_HasError()  
[2024-Feb-12 23:38:12] [debug] [SeggerBackend] - ---just_abort_debug_action
[2024-Feb-12 23:38:12] [debug] [SeggerBackend] - Attempting to clear any configuration errors in debug port before closing connection. 
[2024-Feb-12 23:38:12] [trace] [  JLink] - JLINK_CORESIGHT_WriteAPDPReg(DP reg 0x00, 0x0000001F)  
[2024-Feb-12 23:38:12] [trace] [  JLink] - - 0.496ms returns -1  
[2024-Feb-12 23:38:12] [trace] [  JLink] - JLINK_HasError()  
[2024-Feb-12 23:38:12] [trace] [  JLink] - JLINK_CORESIGHT_WriteAPDPReg(DP reg 0x00, 0x0000001F)  
[2024-Feb-12 23:38:12] [trace] [  JLink] - - 0.482ms returns -1  
[2024-Feb-12 23:38:12] [trace] [  JLink] - JLINK_HasError()  
[2024-Feb-12 23:38:12] [trace] [  JLink] - JLINK_CORESIGHT_WriteAPDPReg(DP reg 0x00, 0x0000001F)  
[2024-Feb-12 23:38:12] [trace] [  JLink] - - 0.487ms returns -1  
[2024-Feb-12 23:38:12] [trace] [  JLink] - JLINK_HasError()  
[2024-Feb-12 23:38:12] [trace] [  JLink] - JLINK_CORESIGHT_WriteAPDPReg(DP reg 0x00, 0x0000001F)  
[2024-Feb-12 23:38:12] [trace] [  JLink] - - 0.475ms returns -1  
[2024-Feb-12 23:38:12] [trace] [  JLink] - JLINK_HasError()  
[2024-Feb-12 23:38:12] [trace] [  JLink] - JLINK_CORESIGHT_WriteAPDPReg(DP reg 0x00, 0x0000001F)  
[2024-Feb-12 23:38:12] [trace] [  JLink] - - 0.522ms returns -1  
[2024-Feb-12 23:38:12] [trace] [  JLink] - JLINK_HasError()  
[2024-Feb-12 23:38:12] [trace] [  JLink] - JLINK_CORESIGHT_WriteAPDPReg(DP reg 0x00, 0x0000001F)  
[2024-Feb-12 23:38:12] [trace] [  JLink] - - 0.466ms returns -1  
[2024-Feb-12 23:38:12] [trace] [  JLink] - JLINK_HasError()  
[2024-Feb-12 23:38:12] [trace] [  JLink] - JLINK_CORESIGHT_WriteAPDPReg(DP reg 0x02, 0x00000000)  
[2024-Feb-12 23:38:12] [trace] [  JLink] - - 0.489ms returns -1  
[2024-Feb-12 23:38:12] [trace] [  JLink] - JLINK_HasError()  
[2024-Feb-12 23:38:12] [debug] [SeggerBackend] - ---just_abort_debug_action
[2024-Feb-12 23:38:12] [debug] [SeggerBackend] - Attempting to clear any configuration errors in debug port before closing connection. 
[2024-Feb-12 23:38:12] [trace] [  JLink] - JLINK_CORESIGHT_WriteAPDPReg(DP reg 0x00, 0x0000001F)  
[2024-Feb-12 23:38:12] [trace] [  JLink] - - 0.482ms returns -1  
[2024-Feb-12 23:38:12] [trace] [  JLink] - JLINK_HasError()  
[2024-Feb-12 23:38:12] [trace] [  JLink] - JLINK_CORESIGHT_WriteAPDPReg(DP reg 0x00, 0x0000001F)  
[2024-Feb-12 23:38:12] [trace] [  JLink] - - 0.487ms returns -1  
[2024-Feb-12 23:38:12] [trace] [  JLink] - JLINK_HasError()  
[2024-Feb-12 23:38:12] [trace] [  JLink] - JLINK_CORESIGHT_WriteAPDPReg(DP reg 0x00, 0x0000001F)  
[2024-Feb-12 23:38:12] [trace] [  JLink] - - 0.478ms returns -1  
[2024-Feb-12 23:38:12] [trace] [  JLink] - JLINK_HasError()  
[2024-Feb-12 23:38:12] [trace] [  JLink] - JLINK_CORESIGHT_WriteAPDPReg(DP reg 0x00, 0x0000001F)  
[2024-Feb-12 23:38:12] [trace] [  JLink] - - 0.488ms returns -1  
[2024-Feb-12 23:38:12] [trace] [  JLink] - JLINK_HasError()  
[2024-Feb-12 23:38:12] [trace] [  JLink] - JLINK_CORESIGHT_WriteAPDPReg(DP reg 0x00, 0x0000001F)  
[2024-Feb-12 23:38:12] [trace] [  JLink] - - 0.481ms returns -1  
[2024-Feb-12 23:38:12] [trace] [  JLink] - JLINK_HasError()  
[2024-Feb-12 23:38:12] [trace] [  JLink] - JLINK_CORESIGHT_WriteAPDPReg(DP reg 0x00, 0x0000001F)  
[2024-Feb-12 23:38:12] [trace] [  JLink] - - 0.488ms returns -1  
[2024-Feb-12 23:38:12] [trace] [  JLink] - JLINK_HasError()  
[2024-Feb-12 23:38:12] [trace] [  JLink] - - 0.055ms  
[2024-Feb-12 23:38:12] [error] [ Worker] - An unknown error.
[2024-Feb-12 23:38:12] [trace] [ Worker] - Command recover executed for 124 milliseconds with result -21
[2024-Feb-12 23:38:12] [debug] [  nRF53] - close
[2024-Feb-12 23:38:12] [debug] [SeggerBackend] - is_connected_to_emu
[2024-Feb-12 23:38:12] [trace] [  JLink] - JLINK_IsOpen()  
[2024-Feb-12 23:38:12] [trace] [  JLink] - - 0.001ms returns 0x01  
[2024-Feb-12 23:38:12] [trace] [  JLink] - JLINK_HasError()  
[2024-Feb-12 23:38:12] [trace] [  JLink] - JLINK_Lock()  
[2024-Feb-12 23:38:12] [debug] [SeggerBackend] - close
[2024-Feb-12 23:38:12] [debug] [SeggerBackend] - disconnect_from_emu
[2024-Feb-12 23:38:12] [debug] [SeggerBackend] - ---just_disconnect_from_emu
[2024-Feb-12 23:38:12] [debug] [SeggerBackend] - is_connected_to_device
[2024-Feb-12 23:38:12] [trace] [  JLink] - JLINK_IsConnected()  
[2024-Feb-12 23:38:12] [trace] [  JLink] - - 0.001ms returns FALSE  
[2024-Feb-12 23:38:12] [trace] [  JLink] - JLINK_HasError()  
[2024-Feb-12 23:38:12] [debug] [SeggerBackend] - ---just_is_debug_region_powered
[2024-Feb-12 23:38:12] [debug] [SeggerBackend] - ---just_read_debug_port_register
[2024-Feb-12 23:38:12] [debug] [SeggerBackend] - ---just_select_debug_port_register
[2024-Feb-12 23:38:12] [debug] [SeggerBackend] - Select AP 255, DP Bank 0, AP Bank 255
[2024-Feb-12 23:38:12] [trace] [  JLink] - JLINK_CORESIGHT_WriteAPDPReg(DP reg 0x02, 0x00000000)  
[2024-Feb-12 23:38:12] [trace] [  JLink] - - 0.510ms returns -1  
[2024-Feb-12 23:38:12] [trace] [  JLink] - JLINK_HasError()  
[2024-Feb-12 23:38:12] [debug] [SeggerBackend] - ---just_abort_debug_action
[2024-Feb-12 23:38:12] [debug] [SeggerBackend] - Attempting to clear any configuration errors in debug port before closing connection. 
[2024-Feb-12 23:38:12] [trace] [  JLink] - JLINK_CORESIGHT_WriteAPDPReg(DP reg 0x00, 0x0000001F)  
[2024-Feb-12 23:38:12] [trace] [  JLink] - - 0.567ms returns -1  
[2024-Feb-12 23:38:12] [trace] [  JLink] - JLINK_HasError()  
[2024-Feb-12 23:38:12] [trace] [  JLink] - JLINK_CORESIGHT_WriteAPDPReg(DP reg 0x00, 0x0000001F)  
[2024-Feb-12 23:38:12] [trace] [  JLink] - - 0.510ms returns -1  
[2024-Feb-12 23:38:12] [trace] [  JLink] - JLINK_HasError()  
[2024-Feb-12 23:38:12] [trace] [  JLink] - JLINK_CORESIGHT_WriteAPDPReg(DP reg 0x00, 0x0000001F)  
[2024-Feb-12 23:38:12] [trace] [  JLink] - - 0.478ms returns -1  
[2024-Feb-12 23:38:12] [trace] [  JLink] - JLINK_HasError()  
[2024-Feb-12 23:38:12] [trace] [  JLink] - JLINK_CORESIGHT_WriteAPDPReg(DP reg 0x00, 0x0000001F)  
[2024-Feb-12 23:38:12] [trace] [  JLink] - - 0.493ms returns -1  
[2024-Feb-12 23:38:12] [trace] [  JLink] - JLINK_HasError()  
[2024-Feb-12 23:38:12] [trace] [  JLink] - JLINK_CORESIGHT_WriteAPDPReg(DP reg 0x00, 0x0000001F)  
[2024-Feb-12 23:38:12] [trace] [  JLink] - - 0.496ms returns -1  
[2024-Feb-12 23:38:12] [trace] [  JLink] - JLINK_HasError()  
[2024-Feb-12 23:38:12] [trace] [  JLink] - JLINK_CORESIGHT_WriteAPDPReg(DP reg 0x00, 0x0000001F)  
[2024-Feb-12 23:38:12] [trace] [  JLink] - - 0.493ms returns -1  
[2024-Feb-12 23:38:12] [trace] [  JLink] - JLINK_HasError()  
[2024-Feb-12 23:38:12] [trace] [  JLink] - JLINK_CORESIGHT_WriteAPDPReg(DP reg 0x02, 0x00000000)  
[2024-Feb-12 23:38:12] [trace] [  JLink] - - 0.487ms returns -1  
[2024-Feb-12 23:38:12] [trace] [  JLink] - JLINK_HasError()  
[2024-Feb-12 23:38:12] [debug] [SeggerBackend] - ---just_abort_debug_action
[2024-Feb-12 23:38:12] [debug] [SeggerBackend] - Attempting to clear any configuration errors in debug port before closing connection. 
[2024-Feb-12 23:38:12] [trace] [  JLink] - JLINK_CORESIGHT_WriteAPDPReg(DP reg 0x00, 0x0000001F)  
[2024-Feb-12 23:38:12] [trace] [  JLink] - - 0.506ms returns -1  
[2024-Feb-12 23:38:12] [trace] [  JLink] - JLINK_HasError()  
[2024-Feb-12 23:38:12] [trace] [  JLink] - JLINK_CORESIGHT_WriteAPDPReg(DP reg 0x00, 0x0000001F)  
[2024-Feb-12 23:38:12] [trace] [  JLink] - - 0.479ms returns -1  
[2024-Feb-12 23:38:12] [trace] [  JLink] - JLINK_HasError()  
[2024-Feb-12 23:38:12] [trace] [  JLink] - JLINK_CORESIGHT_WriteAPDPReg(DP reg 0x00, 0x0000001F)  
[2024-Feb-12 23:38:12] [trace] [  JLink] - - 0.497ms returns -1  
[2024-Feb-12 23:38:12] [trace] [  JLink] - JLINK_HasError()  
[2024-Feb-12 23:38:12] [trace] [  JLink] - JLINK_CORESIGHT_WriteAPDPReg(DP reg 0x00, 0x0000001F)  
[2024-Feb-12 23:38:12] [trace] [  JLink] - - 0.478ms returns -1  
[2024-Feb-12 23:38:12] [trace] [  JLink] - JLINK_HasError()  
[2024-Feb-12 23:38:12] [trace] [  JLink] - JLINK_CORESIGHT_WriteAPDPReg(DP reg 0x00, 0x0000001F)  
[2024-Feb-12 23:38:12] [trace] [  JLink] - - 0.479ms returns -1  
[2024-Feb-12 23:38:12] [trace] [  JLink] - JLINK_HasError()  
[2024-Feb-12 23:38:12] [trace] [  JLink] - JLINK_CORESIGHT_WriteAPDPReg(DP reg 0x00, 0x0000001F)  
[2024-Feb-12 23:38:12] [trace] [  JLink] - - 0.478ms returns -1  
[2024-Feb-12 23:38:12] [trace] [  JLink] - JLINK_HasError()  
[2024-Feb-12 23:38:12] [trace] [  JLink] - JLINK_CORESIGHT_WriteAPDPReg(DP reg 0x02, 0x00000000)  
[2024-Feb-12 23:38:12] [trace] [  JLink] - - 0.479ms returns -1  
[2024-Feb-12 23:38:12] [trace] [  JLink] - JLINK_HasError()  
[2024-Feb-12 23:38:12] [debug] [SeggerBackend] - ---just_abort_debug_action
[2024-Feb-12 23:38:12] [debug] [SeggerBackend] - Attempting to clear any configuration errors in debug port before closing connection. 
[2024-Feb-12 23:38:12] [trace] [  JLink] - JLINK_CORESIGHT_WriteAPDPReg(DP reg 0x00, 0x0000001F)  
[2024-Feb-12 23:38:12] [trace] [  JLink] - - 0.452ms returns -1  
[2024-Feb-12 23:38:12] [trace] [  JLink] - JLINK_HasError()  
[2024-Feb-12 23:38:12] [trace] [  JLink] - JLINK_CORESIGHT_WriteAPDPReg(DP reg 0x00, 0x0000001F)  
[2024-Feb-12 23:38:12] [trace] [  JLink] - - 0.502ms returns -1  
[2024-Feb-12 23:38:12] [trace] [  JLink] - JLINK_HasError()  
[2024-Feb-12 23:38:12] [trace] [  JLink] - JLINK_CORESIGHT_WriteAPDPReg(DP reg 0x00, 0x0000001F)  
[2024-Feb-12 23:38:12] [trace] [  JLink] - - 0.461ms returns -1  
[2024-Feb-12 23:38:12] [trace] [  JLink] - JLINK_HasError()  
[2024-Feb-12 23:38:12] [trace] [  JLink] - JLINK_CORESIGHT_WriteAPDPReg(DP reg 0x00, 0x0000001F)  
[2024-Feb-12 23:38:12] [trace] [  JLink] - - 0.541ms returns -1  
[2024-Feb-12 23:38:12] [trace] [  JLink] - JLINK_HasError()  
[2024-Feb-12 23:38:12] [trace] [  JLink] - JLINK_CORESIGHT_WriteAPDPReg(DP reg 0x00, 0x0000001F)  
[2024-Feb-12 23:38:12] [trace] [  JLink] - - 0.485ms returns -1  
[2024-Feb-12 23:38:12] [trace] [  JLink] - JLINK_HasError()  
[2024-Feb-12 23:38:12] [trace] [  JLink] - JLINK_CORESIGHT_WriteAPDPReg(DP reg 0x00, 0x0000001F)  
[2024-Feb-12 23:38:12] [trace] [  JLink] - - 0.498ms returns -1  
[2024-Feb-12 23:38:12] [trace] [  JLink] - JLINK_HasError()  
[2024-Feb-12 23:38:12] [trace] [  JLink] - JLINK_CORESIGHT_WriteAPDPReg(DP reg 0x02, 0x00000000)  
[2024-Feb-12 23:38:12] [trace] [  JLink] - - 0.488ms returns -1  
[2024-Feb-12 23:38:12] [trace] [  JLink] - JLINK_HasError()  
[2024-Feb-12 23:38:12] [debug] [SeggerBackend] - ---just_abort_debug_action
[2024-Feb-12 23:38:12] [debug] [SeggerBackend] - Attempting to clear any configuration errors in debug port before closing connection. 
[2024-Feb-12 23:38:12] [trace] [  JLink] - JLINK_CORESIGHT_WriteAPDPReg(DP reg 0x00, 0x0000001F)  
[2024-Feb-12 23:38:12] [trace] [  JLink] - - 0.476ms returns -1  
[2024-Feb-12 23:38:12] [trace] [  JLink] - JLINK_HasError()  
[2024-Feb-12 23:38:12] [trace] [  JLink] - JLINK_CORESIGHT_WriteAPDPReg(DP reg 0x00, 0x0000001F)  
[2024-Feb-12 23:38:12] [trace] [  JLink] - - 0.469ms returns -1  
[2024-Feb-12 23:38:12] [trace] [  JLink] - JLINK_HasError()  
[2024-Feb-12 23:38:12] [trace] [  JLink] - JLINK_CORESIGHT_WriteAPDPReg(DP reg 0x00, 0x0000001F)  
[2024-Feb-12 23:38:12] [trace] [  JLink] - - 0.480ms returns -1  
[2024-Feb-12 23:38:12] [trace] [  JLink] - JLINK_HasError()  
[2024-Feb-12 23:38:12] [trace] [  JLink] - JLINK_CORESIGHT_WriteAPDPReg(DP reg 0x00, 0x0000001F)  
[2024-Feb-12 23:38:12] [trace] [  JLink] - - 0.455ms returns -1  
[2024-Feb-12 23:38:12] [trace] [  JLink] - JLINK_HasError()  
[2024-Feb-12 23:38:12] [trace] [  JLink] - JLINK_CORESIGHT_WriteAPDPReg(DP reg 0x00, 0x0000001F)  
[2024-Feb-12 23:38:12] [trace] [  JLink] - - 0.522ms returns -1  
[2024-Feb-12 23:38:12] [trace] [  JLink] - JLINK_HasError()  
[2024-Feb-12 23:38:12] [trace] [  JLink] - JLINK_CORESIGHT_WriteAPDPReg(DP reg 0x00, 0x0000001F)  
[2024-Feb-12 23:38:12] [trace] [  JLink] - - 0.483ms returns -1  
[2024-Feb-12 23:38:12] [trace] [  JLink] - JLINK_HasError()  
[2024-Feb-12 23:38:12] [trace] [  JLink] - JLINK_CORESIGHT_WriteAPDPReg(DP reg 0x02, 0x00000000)  
[2024-Feb-12 23:38:12] [trace] [  JLink] - - 0.513ms returns -1  
[2024-Feb-12 23:38:12] [trace] [  JLink] - JLINK_HasError()  
[2024-Feb-12 23:38:12] [debug] [SeggerBackend] - ---just_abort_debug_action
[2024-Feb-12 23:38:12] [debug] [SeggerBackend] - Attempting to clear any configuration errors in debug port before closing connection. 
[2024-Feb-12 23:38:12] [trace] [  JLink] - JLINK_CORESIGHT_WriteAPDPReg(DP reg 0x00, 0x0000001F)  
[2024-Feb-12 23:38:12] [trace] [  JLink] - - 0.505ms returns -1  
[2024-Feb-12 23:38:12] [trace] [  JLink] - JLINK_HasError()  
[2024-Feb-12 23:38:12] [trace] [  JLink] - JLINK_CORESIGHT_WriteAPDPReg(DP reg 0x00, 0x0000001F)  
[2024-Feb-12 23:38:12] [trace] [  JLink] - - 0.518ms returns -1  
[2024-Feb-12 23:38:12] [trace] [  JLink] - JLINK_HasError()  
[2024-Feb-12 23:38:12] [trace] [  JLink] - JLINK_CORESIGHT_WriteAPDPReg(DP reg 0x00, 0x0000001F)  
[2024-Feb-12 23:38:12] [trace] [  JLink] - - 0.468ms returns -1  
[2024-Feb-12 23:38:12] [trace] [  JLink] - JLINK_HasError()  
[2024-Feb-12 23:38:12] [trace] [  JLink] - JLINK_CORESIGHT_WriteAPDPReg(DP reg 0x00, 0x0000001F)  
[2024-Feb-12 23:38:12] [trace] [  JLink] - - 0.492ms returns -1  
[2024-Feb-12 23:38:12] [trace] [  JLink] - JLINK_HasError()  
[2024-Feb-12 23:38:12] [trace] [  JLink] - JLINK_CORESIGHT_WriteAPDPReg(DP reg 0x00, 0x0000001F)  
[2024-Feb-12 23:38:12] [trace] [  JLink] - - 0.477ms returns -1  
[2024-Feb-12 23:38:12] [trace] [  JLink] - JLINK_HasError()  
[2024-Feb-12 23:38:12] [trace] [  JLink] - JLINK_CORESIGHT_WriteAPDPReg(DP reg 0x00, 0x0000001F)  
[2024-Feb-12 23:38:12] [trace] [  JLink] - - 0.510ms returns -1  
[2024-Feb-12 23:38:12] [trace] [  JLink] - JLINK_HasError()  
[2024-Feb-12 23:38:12] [trace] [  JLink] - JLINK_CORESIGHT_WriteAPDPReg(DP reg 0x02, 0x00000000)  
[2024-Feb-12 23:38:12] [trace] [  JLink] - - 0.506ms returns -1  
[2024-Feb-12 23:38:12] [trace] [  JLink] - JLINK_HasError()  
[2024-Feb-12 23:38:12] [debug] [SeggerBackend] - ---just_abort_debug_action
[2024-Feb-12 23:38:12] [debug] [SeggerBackend] - Attempting to clear any configuration errors in debug port before closing connection. 
[2024-Feb-12 23:38:12] [trace] [  JLink] - JLINK_CORESIGHT_WriteAPDPReg(DP reg 0x00, 0x0000001F)  
[2024-Feb-12 23:38:12] [trace] [  JLink] - - 0.515ms returns -1  
[2024-Feb-12 23:38:12] [trace] [  JLink] - JLINK_HasError()  
[2024-Feb-12 23:38:12] [trace] [  JLink] - JLINK_CORESIGHT_WriteAPDPReg(DP reg 0x00, 0x0000001F)  
[2024-Feb-12 23:38:12] [trace] [  JLink] - - 0.585ms returns -1  
[2024-Feb-12 23:38:12] [trace] [  JLink] - JLINK_HasError()  
[2024-Feb-12 23:38:12] [trace] [  JLink] - JLINK_CORESIGHT_WriteAPDPReg(DP reg 0x00, 0x0000001F)  
[2024-Feb-12 23:38:12] [trace] [  JLink] - - 0.556ms returns -1  
[2024-Feb-12 23:38:12] [trace] [  JLink] - JLINK_HasError()  
[2024-Feb-12 23:38:12] [trace] [  JLink] - JLINK_CORESIGHT_WriteAPDPReg(DP reg 0x00, 0x0000001F)  
[2024-Feb-12 23:38:12] [trace] [  JLink] - - 0.525ms returns -1  
[2024-Feb-12 23:38:12] [trace] [  JLink] - JLINK_HasError()  
[2024-Feb-12 23:38:12] [trace] [  JLink] - JLINK_CORESIGHT_WriteAPDPR[2024-Feb-12 23:38:16] [debug] --------------------------------------------------------------------------------
[2024-Feb-12 23:38:16] [debug] nrfjprog --recover --family nRF53 --log 
[2024-Feb-12 23:38:16] [debug] nrfjprog version 10.24.0 external
[2024-Feb-12 23:38:16] [debug] --------------------------------------------------------------------------------
[2024-Feb-12 23:38:16] [ info] Load library at /Applications/Nordic Semiconductor/lib/libnrfjprogdll.dylib.
[2024-Feb-12 23:38:16] [ info] Library loaded, loading member functions.
[2024-Feb-12 23:38:16] [ info] Member functions succesfully loaded.
[2024-Feb-12 23:38:16] [debug] [ Client] - open
[2024-Feb-12 23:38:16] [debug] [ Client] - start
[2024-Feb-12 23:38:16] [ info] [ Client] - stdout: Jlinkarm nRF Worker ready. Handling sequence 66c52ef6-8bec-4ee4-8e39-94e96f2956f5.
[2024-Feb-12 23:38:16] [debug] [SeggerBackend] - Logger sink registered in Segger backend logger
[2024-Feb-12 23:38:16] [debug] [  JLink] - Logger sink registered in JLink logger
[2024-Feb-12 23:38:16] [debug] [  nRF53] - open
[2024-Feb-12 23:38:16] [debug] [  nRF53] - just_check_family
[2024-Feb-12 23:38:16] [debug] [SeggerBackend] - open_dll
[2024-Feb-12 23:38:16] [debug] [SeggerBackend] - No J-Link DLL path was provided. Attempting to auto detect.
[2024-Feb-12 23:38:16] [ info] [SeggerBackend] - Load library at /Applications/SEGGER/JLink/libjlinkarm.dylib.
[2024-Feb-12 23:38:16] [ info] [SeggerBackend] - Library loaded, loading member functions.
[2024-Feb-12 23:38:16] [ info] [SeggerBackend] - Member functions succesfully loaded.
[2024-Feb-12 23:38:16] [debug] [SeggerBackend] - Set batch mode
[2024-Feb-12 23:38:16] [debug] [SeggerBackend] - dll_version
[2024-Feb-12 23:38:16] [ info] [SeggerBackend] - Segger dll version 7.94.e loaded.
[2024-Feb-12 23:38:16] [trace] [ Worker] - Command open executed for 3 milliseconds with result 0
[2024-Feb-12 23:38:16] [trace] [ Client] - Command open executed for 12 milliseconds with result 0
[2024-Feb-12 23:38:16] [debug] [ Client] - config
[2024-Feb-12 23:38:16] [trace] [ Client] - Command config executed for 6 milliseconds with result 0
[2024-Feb-12 23:38:16] [debug] [ Client] - enum_emu_snr
[2024-Feb-12 23:38:16] [trace] [ Client] - Command enum_emu_con_info executed for 6 milliseconds with result 0
[2024-Feb-12 23:38:16] [debug] [ Client] - connect_to_emu_with_snr
[2024-Feb-12 23:38:16] [debug] [  nRF53] - config
[2024-Feb-12 23:38:16] [debug] [SeggerBackend] - enum_emu_snr
[2024-Feb-12 23:38:16] [trace] [ Worker] - Command config executed for 2 milliseconds with result 0
[2024-Feb-12 23:38:16] [debug] [  nRF53] - enum_emu_con_info
[2024-Feb-12 23:38:16] [debug] [SeggerBackend] - is_connected_to_emu
[2024-Feb-12 23:38:16] [debug] [SeggerBackend] - enum_emu_con_info
[2024-Feb-12 23:38:16] [debug] [SeggerBackend] - is_connected_to_emu
[2024-Feb-12 23:38:16] [trace] [ Worker] - Command enum_emu_con_info executed for 0 milliseconds with result 0
[2024-Feb-12 23:38:16] [debug] [  nRF53] - connect_to_emu_with_snr
[2024-Feb-12 23:38:16] [debug] [SeggerBackend] - is_connected_to_emu
[2024-Feb-12 23:38:16] [debug] [SeggerBackend] - connect_to_emu_with_snr
[2024-Feb-12 23:38:16] [debug] [SeggerBackend] - is_connected_to_emu
[2024-Feb-12 23:38:16] [debug] [SeggerBackend] - ---just_enum_emu_snr
[2024-Feb-12 23:38:16] [debug] [SeggerBackend] - ---just_get_num_emus
[2024-Feb-12 23:38:16] [debug] [SeggerBackend] - ---just_connect_to_emu_with_snr
[2024-Feb-12 23:38:16] [debug] [SeggerBackend] - ---just_connect_to_emu_without_snr
[2024-Feb-12 23:38:16] [debug] [SeggerBackend] - Segger logging enabled.
[2024-Feb-12 23:38:16] [trace] [  JLink] - Firmware: J-Link OB-K22-NordicSemi compiled Oct 30 2023 12:12:53
[2024-Feb-12 23:38:16] [trace] [  JLink] - Firmware: J-Link OB-K22-NordicSemi compiled Oct 30 2023 12:12:53
[2024-Feb-12 23:38:16] [trace] [ Client] - Command connect_to_emu_with_snr executed for 36 milliseconds with result 0
[2024-Feb-12 23:38:16] [debug] [ Client] - read_connected_emu_snr
[2024-Feb-12 23:38:16] [trace] [ Client] - Command read_connected_emu_snr executed for 5 milliseconds with result 0
[2024-Feb-12 23:38:16] [debug] [ Client] - recover
[2024-Feb-12 23:38:16] [trace] [  JLink] - Hardware: V1.00
[2024-Feb-12 23:38:16] [trace] [  JLink] - S/N: 960157480
[2024-Feb-12 23:38:16] [trace] [  JLink] - OEM: SEGGER
[2024-Feb-12 23:38:16] [trace] [  JLink] - Feature(s): RDI, FlashBP, FlashDL, JFlash, GDB
[2024-Feb-12 23:38:16] [trace] [  JLink] - Bootloader: 2018 Aug 07
[2024-Feb-12 23:38:16] [trace] [  JLink] - USB speed mode: Full speed (12 MBit/s)
[2024-Feb-12 23:38:16] [trace] [  JLink] - TELNET listener socket opened on port 19021
[2024-Feb-12 23:38:16] [trace] [  JLink] - WEBSRV WEBSRV_Init(): Starting webserver thread(s)
[2024-Feb-12 23:38:16] [trace] [  JLink] - WEBSRV Webserver running on local port 19080
[2024-Feb-12 23:38:16] [trace] [  JLink] - Looking for J-Link GUI Server exe at: /Applications/SEGGER/JLink_V794e/JLinkGUIServerExe 
[2024-Feb-12 23:38:16] [trace] [  JLink] - Forking J-Link GUI Server: /Applications/SEGGER/JLink_V794e/JLinkGUIServerExe 
[2024-Feb-12 23:38:16] [trace] [  JLink] - J-Link GUI Server info: "J-Link GUI server V7.94e " 
[2024-Feb-12 23:38:16] [trace] [  JLink] - - 19.589ms returns "O.K."  
[2024-Feb-12 23:38:16] [trace] [  JLink] - JLINK_HasError()  
[2024-Feb-12 23:38:16] [trace] [  JLink] - JLINK_Lock()  
[2024-Feb-12 23:38:16] [trace] [  JLink] - JLINK_ExecCommand("SetRestartOnClose = 0", ...).   
[2024-Feb-12 23:38:16] [trace] [  JLink] - - 0.003ms returns 0x01  
[2024-Feb-12 23:38:16] [trace] [  JLink] - JLINK_HasError()  
[2024-Feb-12 23:38:16] [trace] [  JLink] - JLINK_ExecCommand("DisableFlashDL", ...).   
[2024-Feb-12 23:38:16] [trace] [  JLink] - - 0.001ms returns 0x00  
[2024-Feb-12 23:38:16] [trace] [  JLink] - JLINK_HasError()  
[2024-Feb-12 23:38:16] [trace] [  JLink] - JLINK_ExecCommand("ExcludeFlashCacheRange 0x0-0xFFFFFFFF", ...).   
[2024-Feb-12 23:38:16] [trace] [  JLink] - - 0.002ms returns 0x00  
[2024-Feb-12 23:38:16] [trace] [  JLink] - JLINK_HasError()  
[2024-Feb-12 23:38:16] [trace] [  JLink] - JLINK_SetHookUnsecureDialog  
[2024-Feb-12 23:38:16] [trace] [  JLink] - JLINK_SetHookUnsecureDialog(...)
[2024-Feb-12 23:38:16] [trace] [  JLink] - - 0.003ms returns 0  
[2024-Feb-12 23:38:16] [trace] [  JLink] - JLINK_HasError()  
[2024-Feb-12 23:38:16] [trace] [  JLink] - JLINK_TIF_Select(JLINKARM_TIF_SWD)  
[2024-Feb-12 23:38:16] [trace] [  JLink] - - 0.568ms returns 0x00  
[2024-Feb-12 23:38:16] [trace] [  JLink] - JLINK_HasError()  
[2024-Feb-12 23:38:16] [trace] [  JLink] - JLINK_GetSpeedInfo()  
[2024-Feb-12 23:38:16] [trace] [  JLink] - 72000000 Hz / n, n >= 36
[2024-Feb-12 23:38:16] [trace] [  JLink] - - 0.003ms  
[2024-Feb-12 23:38:16] [trace] [  JLink] - JLINK_HasError()  
[2024-Feb-12 23:38:16] [debug] [SeggerBackend] - Connected emulator supports SWD speeds up to 2000kHz
[2024-Feb-12 23:38:16] [trace] [  JLink] - JLINK_SetSpeed(2000)  
[2024-Feb-12 23:38:16] [trace] [  JLink] - - 0.066ms  
[2024-Feb-12 23:38:16] [trace] [  JLink] - JLINK_HasError()  
[2024-Feb-12 23:38:16] [trace] [  JLink] - JLINK_GetSpeed()  
[2024-Feb-12 23:38:16] [trace] [  JLink] - - 0.001ms returns 2000  
[2024-Feb-12 23:38:16] [trace] [  JLink] - JLINK_HasError()  
[2024-Feb-12 23:38:16] [debug] [SeggerBackend] - SWD clock set to 2000kHz
[2024-Feb-12 23:38:16] [trace] [  JLink] - JLINK_GetSN()  
[2024-Feb-12 23:38:16] [trace] [  JLink] - - 0.001ms returns 960157480  
[2024-Feb-12 23:38:16] [trace] [  JLink] - JLINK_HasError()  
[2024-Feb-12 23:38:16] [trace] [  JLink] - - 0.002ms  
[2024-Feb-12 23:38:16] [debug] [  nRF53] - read_device_family
[2024-Feb-12 23:38:16] [trace] [ Worker] - Command connect_to_emu_with_snr executed for 28 milliseconds with result 0
[2024-Feb-12 23:38:16] [debug] [  nRF53] - read_connected_emu_snr
[2024-Feb-12 23:38:16] [debug] [SeggerBackend] - is_connected_to_emu
[2024-Feb-12 23:38:16] [trace] [  JLink] - JLINK_IsOpen()  
[2024-Feb-12 23:38:16] [trace] [  JLink] - - 0.004ms returns 0x01  
[2024-Feb-12 23:38:16] [trace] [  JLink] - JLINK_HasError()  
[2024-Feb-12 23:38:16] [trace] [  JLink] - JLINK_Lock()  
[2024-Feb-12 23:38:16] [debug] [SeggerBackend] - read_connected_emu_snr
[2024-Feb-12 23:38:16] [trace] [  JLink] - - 0.002ms  
[2024-Feb-12 23:38:16] [trace] [ Worker] - Command read_connected_emu_snr executed for 0 milliseconds with result 0
[2024-Feb-12 23:38:17] [debug] [  nRF53] - recover
[2024-Feb-12 23:38:17] [debug] [SeggerBackend] - is_connected_to_emu
[2024-Feb-12 23:38:17] [trace] [  JLink] - JLINK_IsOpen()  
[2024-Feb-12 23:38:17] [trace] [  JLink] - - 0.002ms returns 0x01  
[2024-Feb-12 23:38:17] [trace] [  JLink] - JLINK_HasError()  
[2024-Feb-12 23:38:17] [trace] [  JLink] - JLINK_Lock()  
[2024-Feb-12 23:38:17] [debug] [SeggerBackend] - is_connected_to_emu
[2024-Feb-12 23:38:17] [debug] [  nRF53] - just_recover
[2024-Feb-12 23:38:17] [debug] [  nRF53] - Just_is_eraseprotect_enabled
[2024-Feb-12 23:38:17] [debug] [SeggerBackend] - read_access_port_register
[2024-Feb-12 23:38:17] [debug] [SeggerBackend] - ---just_read_access_port_register
[2024-Feb-12 23:38:17] [debug] [SeggerBackend] - coresight_configure
[2024-Feb-12 23:38:17] [trace] [  JLink] - JLINK_GetHWStatus(...)  
[2024-Feb-12 23:38:17] [trace] [  JLink] - - 0.158ms returns 0  
[2024-Feb-12 23:38:17] [trace] [  JLink] - JLINK_HasError()  
[2024-Feb-12 23:38:17] [trace] [  JLink] - JLINK_CORESIGHT_Configure()  
[2024-Feb-12 23:38:17] [trace] [  JLink] - - 100.302ms returns 0  
[2024-Feb-12 23:38:17] [trace] [  JLink] - JLINK_HasError()  
[2024-Feb-12 23:38:17] [debug] [SeggerBackend] - read_debug_port_idr
[2024-Feb-12 23:38:17] [debug] [SeggerBackend] - read_debug_port_register
[2024-Feb-12 23:38:17] [debug] [SeggerBackend] - ---just_read_debug_port_register
[2024-Feb-12 23:38:17] [debug] [SeggerBackend] - ---just_select_debug_port_register
[2024-Feb-12 23:38:17] [debug] [SeggerBackend] - Select AP 255, DP Bank 0, AP Bank 255
[2024-Feb-12 23:38:17] [trace] [  JLink] - JLINK_CORESIGHT_WriteAPDPReg(DP reg 0x02, 0x00000000)  
[2024-Feb-12 23:38:17] [trace] [  JLink] - - 0.546ms returns -1  
[2024-Feb-12 23:38:17] [trace] [  JLink] - JLINK_HasError()  
[2024-Feb-12 23:38:17] [debug] [SeggerBackend] - ---just_abort_debug_action
[2024-Feb-12 23:38:17] [debug] [SeggerBackend] - Attempting to clear any configuration errors in debug port before closing connection. 
[2024-Feb-12 23:38:17] [trace] [  JLink] - JLINK_CORESIGHT_WriteAPDPReg(DP reg 0x00, 0x0000001F)  
[2024-Feb-12 23:38:17] [trace] [  JLink] - - 0.519ms returns -1  
[2024-Feb-12 23:38:17] [trace] [  JLink] - JLINK_HasError()  
[2024-Feb-12 23:38:17] [trace] [  JLink] - JLINK_CORESIGHT_WriteAPDPReg(DP reg 0x00, 0x0000001F)  
[2024-Feb-12 23:38:17] [trace] [  JLink] - - 0.500ms returns -1  
[2024-Feb-12 23:38:17] [trace] [  JLink] - JLINK_HasError()  
[2024-Feb-12 23:38:17] [trace] [  JLink] - JLINK_CORESIGHT_WriteAPDPReg(DP reg 0x00, 0x0000001F)  
[2024-Feb-12 23:38:17] [trace] [  JLink] - - 0.498ms returns -1  
[2024-Feb-12 23:38:17] [trace] [  JLink] - JLINK_HasError()  
[2024-Feb-12 23:38:17] [trace] [  JLink] - JLINK_CORESIGHT_WriteAPDPReg(DP reg 0x00, 0x0000001F)  
[2024-Feb-12 23:38:17] [trace] [  JLink] - - 0.497ms returns -1  
[2024-Feb-12 23:38:17] [trace] [  JLink] - JLINK_HasError()  
[2024-Feb-12 23:38:17] [trace] [  JLink] - JLINK_CORESIGHT_WriteAPDPReg(DP reg 0x00, 0x0000001F)  
[2024-Feb-12 23:38:17] [trace] [  JLink] - - 0.520ms returns -1  
[2024-Feb-12 23:38:17] [trace] [  JLink] - JLINK_HasError()  
[2024-Feb-12 23:38:17] [trace] [  JLink] - JLINK_CORESIGHT_WriteAPDPReg(DP reg 0x00, 0x0000001F)  
[2024-Feb-12 23:38:17] [trace] [  JLink] - - 0.473ms returns -1  
[2024-Feb-12 23:38:17] [trace] [  JLink] - JLINK_HasError()  
[2024-Feb-12 23:38:17] [trace] [  JLink] - JLINK_CORESIGHT_WriteAPDPReg(DP reg 0x02, 0x00000000)  
[2024-Feb-12 23:38:17] [trace] [  JLink] - - 0.498ms returns -1  
[2024-Feb-12 23:38:17] [trace] [  JLink] - JLINK_HasError()  
[2024-Feb-12 23:38:17] [debug] [SeggerBackend] - ---just_abort_debug_action
[2024-Feb-12 23:38:17] [debug] [SeggerBackend] - Attempting to clear any configuration errors in debug port before closing connection. 
[2024-Feb-12 23:38:17] [trace] [  JLink] - JLINK_CORESIGHT_WriteAPDPReg(DP reg 0x00, 0x0000001F)  
[2024-Feb-12 23:38:17] [trace] [  JLink] - - 0.468ms returns -1  
[2024-Feb-12 23:38:17] [trace] [  JLink] - JLINK_HasError()  
[2024-Feb-12 23:38:17] [trace] [  JLink] - JLINK_CORESIGHT_WriteAPDPReg(DP reg 0x00, 0x0000001F)  
[2024-Feb-12 23:38:17] [trace] [  JLink] - - 0.506ms returns -1  
[2024-Feb-12 23:38:17] [trace] [  JLink] - JLINK_HasError()  
[2024-Feb-12 23:38:17] [trace] [  JLink] - JLINK_CORESIGHT_WriteAPDPReg(DP reg 0x00, 0x0000001F)  
[2024-Feb-12 23:38:17] [trace] [  JLink] - - 0.479ms returns -1  
[2024-Feb-12 23:38:17] [trace] [  JLink] - JLINK_HasError()  
[2024-Feb-12 23:38:17] [trace] [  JLink] - JLINK_CORESIGHT_WriteAPDPReg(DP reg 0x00, 0x0000001F)  
[2024-Feb-12 23:38:17] [trace] [  JLink] - - 0.500ms returns -1  
[2024-Feb-12 23:38:17] [trace] [  JLink] - JLINK_HasError()  
[2024-Feb-12 23:38:17] [trace] [  JLink] - JLINK_CORESIGHT_WriteAPDPReg(DP reg 0x00, 0x0000001F)  
[2024-Feb-12 23:38:17] [error] [ Client] - Encountered error -21: Command recover executed for 127 milliseconds with result -21
[2024-Feb-12 23:38:17] [trace] [  JLink] - - 0.471ms returns -1  
[2024-Feb-12 23:38:17] [trace] [  JLink] - JLINK_HasError()  
[2024-Feb-12 23:38:17] [trace] [  JLink] - JLINK_CORESIGHT_WriteAPDPReg(DP reg 0x00, 0x0000001F)  
[2024-Feb-12 23:38:17] [trace] [  JLink] - - 0.507ms returns -1  
[2024-Feb-12 23:38:17] [trace] [  JLink] - JLINK_HasError()  
[2024-Feb-12 23:38:17] [trace] [  JLink] - JLINK_CORESIGHT_WriteAPDPReg(DP reg 0x02, 0x00000000)  
[2024-Feb-12 23:38:17] [trace] [  JLink] - - 0.471ms returns -1  
[2024-Feb-12 23:38:17] [trace] [  JLink] - JLINK_HasError()  
[2024-Feb-12 23:38:17] [debug] [SeggerBackend] - ---just_abort_debug_action
[2024-Feb-12 23:38:17] [debug] [SeggerBackend] - Attempting to clear any configuration errors in debug port before closing connection. 
[2024-Feb-12 23:38:17] [trace] [  JLink] - JLINK_CORESIGHT_WriteAPDPReg(DP reg 0x00, 0x0000001F)  
[2024-Feb-12 23:38:17] [trace] [  JLink] - - 0.480ms returns -1  
[2024-Feb-12 23:38:17] [trace] [  JLink] - JLINK_HasError()  
[2024-Feb-12 23:38:17] [trace] [  JLink] - JLINK_CORESIGHT_WriteAPDPReg(DP reg 0x00, 0x0000001F)  
[2024-Feb-12 23:38:17] [trace] [  JLink] - - 0.481ms returns -1  
[2024-Feb-12 23:38:17] [trace] [  JLink] - JLINK_HasError()  
[2024-Feb-12 23:38:17] [trace] [  JLink] - JLINK_CORESIGHT_WriteAPDPReg(DP reg 0x00, 0x0000001F)  
[2024-Feb-12 23:38:17] [trace] [  JLink] - - 0.488ms returns -1  
[2024-Feb-12 23:38:17] [trace] [  JLink] - JLINK_HasError()  
[2024-Feb-12 23:38:17] [trace] [  JLink] - JLINK_CORESIGHT_WriteAPDPReg(DP reg 0x00, 0x0000001F)  
[2024-Feb-12 23:38:17] [trace] [  JLink] - - 0.486ms returns -1  
[2024-Feb-12 23:38:17] [trace] [  JLink] - JLINK_HasError()  
[2024-Feb-12 23:38:17] [trace] [  JLink] - JLINK_CORESIGHT_WriteAPDPReg(DP reg 0x00, 0x0000001F)  
[2024-Feb-12 23:38:17] [trace] [  JLink] - - 0.471ms returns -1  
[2024-Feb-12 23:38:17] [trace] [  JLink] - JLINK_HasError()  
[2024-Feb-12 23:38:17] [trace] [  JLink] - JLINK_CORESIGHT_WriteAPDPReg(DP reg 0x00, 0x0000001F)  
[2024-Feb-12 23:38:17] [trace] [  JLink] - - 0.521ms returns -1  
[2024-Feb-12 23:38:17] [trace] [  JLink] - JLINK_HasError()  
[2024-Feb-12 23:38:17] [trace] [  JLink] - JLINK_CORESIGHT_WriteAPDPReg(DP reg 0x02, 0x00000000)  
[2024-Feb-12 23:38:17] [trace] [  JLink] - - 0.517ms returns -1  
[2024-Feb-12 23:38:17] [trace] [  JLink] - JLINK_HasError()  
[2024-Feb-12 23:38:17] [debug] [SeggerBackend] - ---just_abort_debug_action
[2024-Feb-12 23:38:17] [debug] [SeggerBackend] - Attempting to clear any configuration errors in debug port before closing connection. 
[2024-Feb-12 23:38:17] [trace] [  JLink] - JLINK_CORESIGHT_WriteAPDPReg(DP reg 0x00, 0x0000001F)  
[2024-Feb-12 23:38:17] [trace] [  JLink] - - 0.515ms returns -1  
[2024-Feb-12 23:38:17] [trace] [  JLink] - JLINK_HasError()  
[2024-Feb-12 23:38:17] [trace] [  JLink] - JLINK_CORESIGHT_WriteAPDPReg(DP reg 0x00, 0x0000001F)  
[2024-Feb-12 23:38:17] [trace] [  JLink] - - 0.501ms returns -1  
[2024-Feb-12 23:38:17] [trace] [  JLink] - JLINK_HasError()  
[2024-Feb-12 23:38:17] [trace] [  JLink] - JLINK_CORESIGHT_WriteAPDPReg(DP reg 0x00, 0x0000001F)  
[2024-Feb-12 23:38:17] [trace] [  JLink] - - 0.514ms returns -1  
[2024-Feb-12 23:38:17] [trace] [  JLink] - JLINK_HasError()  
[2024-Feb-12 23:38:17] [trace] [  JLink] - JLINK_CORESIGHT_WriteAPDPReg(DP reg 0x00, 0x0000001F)  
[2024-Feb-12 23:38:17] [trace] [  JLink] - - 0.586ms returns -1  
[2024-Feb-12 23:38:17] [trace] [  JLink] - JLINK_HasError()  
[2024-Feb-12 23:38:17] [trace] [  JLink] - JLINK_CORESIGHT_WriteAPDPReg(DP reg 0x00, 0x0000001F)  
[2024-Feb-12 23:38:17] [trace] [  JLink] - - 0.559ms returns -1  
[2024-Feb-12 23:38:17] [trace] [  JLink] - JLINK_HasError()  
[2024-Feb-12 23:38:17] [trace] [  JLink] - JLINK_CORESIGHT_WriteAPDPReg(DP reg 0x00, 0x0000001F)  
[2024-Feb-12 23:38:17] [trace] [  JLink] - - 0.475ms returns -1  
[2024-Feb-12 23:38:17] [trace] [  JLink] - JLINK_HasError()  
[2024-Feb-12 23:38:17] [trace] [  JLink] - JLINK_CORESIGHT_WriteAPDPReg(DP reg 0x02, 0x00000000)  
[2024-Feb-12 23:38:17] [trace] [  JLink] - - 0.495ms returns -1  
[2024-Feb-12 23:38:17] [trace] [  JLink] - JLINK_HasError()  
[2024-Feb-12 23:38:17] [debug] [SeggerBackend] - ---just_abort_debug_action
[2024-Feb-12 23:38:17] [debug] [SeggerBackend] - Attempting to clear any configuration errors in debug port before closing connection. 
[2024-Feb-12 23:38:17] [trace] [  JLink] - JLINK_CORESIGHT_WriteAPDPReg(DP reg 0x00, 0x0000001F)  
[2024-Feb-12 23:38:17] [trace] [  JLink] - - 0.484ms returns -1  
[2024-Feb-12 23:38:17] [trace] [  JLink] - JLINK_HasError()  
[2024-Feb-12 23:38:17] [trace] [  JLink] - JLINK_CORESIGHT_WriteAPDPReg(DP reg 0x00, 0x0000001F)  
[2024-Feb-12 23:38:17] [trace] [  JLink] - - 0.499ms returns -1  
[2024-Feb-12 23:38:17] [trace] [  JLink] - JLINK_HasError()  
[2024-Feb-12 23:38:17] [trace] [  JLink] - JLINK_CORESIGHT_WriteAPDPReg(DP reg 0x00, 0x0000001F)  
[2024-Feb-12 23:38:17] [trace] [  JLink] - - 0.474ms returns -1  
[2024-Feb-12 23:38:17] [trace] [  JLink] - JLINK_HasError()  
[2024-Feb-12 23:38:17] [trace] [  JLink] - JLINK_CORESIGHT_WriteAPDPReg(DP reg 0x00, 0x0000001F)  
[2024-Feb-12 23:38:17] [trace] [  JLink] - - 0.512ms returns -1  
[2024-Feb-12 23:38:17] [trace] [  JLink] - JLINK_HasError()  
[2024-Feb-12 23:38:17] [trace] [  JLink] - JLINK_CORESIGHT_WriteAPDPReg(DP reg 0x00, 0x0000001F)  
[2024-Feb-12 23:38:17] [trace] [  JLink] - - 0.487ms returns -1  
[2024-Feb-12 23:38:17] [trace] [  JLink] - JLINK_HasError()  
[2024-Feb-12 23:38:17] [trace] [  JLink] - JLINK_CORESIGHT_WriteAPDPReg(DP reg 0x00, 0x0000001F)  
[2024-Feb-12 23:38:17] [trace] [  JLink] - - 0.503ms returns -1  
[2024-Feb-12 23:38:17] [trace] [  JLink] - JLINK_HasError()  
[2024-Feb-12 23:38:17] [trace] [  JLink] - JLINK_CORESIGHT_WriteAPDPReg(DP reg 0x02, 0x00000000)  
[2024-Feb-12 23:38:17] [trace] [  JLink] - - 0.485ms returns -1  
[2024-Feb-12 23:38:17] [trace] [  JLink] - JLINK_HasError()  
[2024-Feb-12 23:38:17] [debug] [SeggerBackend] - ---just_abort_debug_action
[2024-Feb-12 23:38:17] [debug] [SeggerBackend] - Attempting to clear any configuration errors in debug port before closing connection. 
[2024-Feb-12 23:38:17] [trace] [  JLink] - JLINK_CORESIGHT_WriteAPDPReg(DP reg 0x00, 0x0000001F)  
[2024-Feb-12 23:38:17] [trace] [  JLink] - - 0.477ms returns -1  
[2024-Feb-12 23:38:17] [trace] [  JLink] - JLINK_HasError()  
[2024-Feb-12 23:38:17] [trace] [  JLink] - JLINK_CORESIGHT_WriteAPDPReg(DP reg 0x00, 0x0000001F)  
[2024-Feb-12 23:38:17] [trace] [  JLink] - - 0.479ms returns -1  
[2024-Feb-12 23:38:17] [trace] [  JLink] - JLINK_HasError()  
[2024-Feb-12 23:38:17] [trace] [  JLink] - JLINK_CORESIGHT_WriteAPDPReg(DP reg 0x00, 0x0000001F)  
[2024-Feb-12 23:38:17] [trace] [  JLink] - - 0.508ms returns -1  
[2024-Feb-12 23:38:17] [trace] [  JLink] - JLINK_HasError()  
[2024-Feb-12 23:38:17] [trace] [  JLink] - JLINK_CORESIGHT_WriteAPDPReg(DP reg 0x00, 0x0000001F)  
[2024-Feb-12 23:38:17] [trace] [  JLink] - - 0.493ms returns -1  
[2024-Feb-12 23:38:17] [trace] [  JLink] - JLINK_HasError()  
[2024-Feb-12 23:38:17] [trace] [  JLink] - JLINK_CORESIGHT_WriteAPDPReg(DP reg 0x00, 0x0000001F)  
[2024-Feb-12 23:38:17] [trace] [  JLink] - - 0.507ms returns -1  
[2024-Feb-12 23:38:17] [trace] [  JLink] - JLINK_HasError()  
[2024-Feb-12 23:38:17] [trace] [  JLink] - JLINK_CORESIGHT_WriteAPDPReg(DP reg 0x00, 0x0000001F)  
[2024-Feb-12 23:38:17] [trace] [  JLink] - - 0.473ms returns -1  
[2024-Feb-12 23:38:17] [trace] [  JLink] - JLINK_HasError()  
[2024-Feb-12 23:38:17] [trace] [  JLink] - - 0.038ms  
[2024-Feb-12 23:38:17] [error] [ Worker] - An unknown error.
[2024-Feb-12 23:38:17] [trace] [ Worker] - Command recover executed for 123 milliseconds with result -21
[2024-Feb-12 23:38:17] [debug] [  nRF53] - close
[2024-Feb-12 23:38:17] [debug] [SeggerBackend] - is_connected_to_emu
[2024-Feb-12 23:38:17] [trace] [  JLink] - JLINK_IsOpen()  
[2024-Feb-12 23:38:17] [trace] [  JLink] - - 0.003ms returns 0x01  
[2024-Feb-12 23:38:17] [trace] [  JLink] - JLINK_HasError()  
[2024-Feb-12 23:38:17] [trace] [  JLink] - JLINK_Lock()  
[2024-Feb-12 23:38:17] [debug] [SeggerBackend] - close
[2024-Feb-12 23:38:17] [debug] [SeggerBackend] - disconnect_from_emu
[2024-Feb-12 23:38:17] [debug] [SeggerBackend] - ---just_disconnect_from_emu
[2024-Feb-12 23:38:17] [debug] [SeggerBackend] - is_connected_to_device
[2024-Feb-12 23:38:17] [trace] [  JLink] - JLINK_IsConnected()  
[2024-Feb-12 23:38:17] [trace] [  JLink] - - 0.001ms returns FALSE  
[2024-Feb-12 23:38:17] [trace] [  JLink] - JLINK_HasError()  
[2024-Feb-12 23:38:17] [debug] [SeggerBackend] - ---just_is_debug_region_powered
[2024-Feb-12 23:38:17] [debug] [SeggerBackend] - ---just_read_debug_port_register
[2024-Feb-12 23:38:17] [debug] [SeggerBackend] - ---just_select_debug_port_register
[2024-Feb-12 23:38:17] [debug] [SeggerBackend] - Select AP 255, DP Bank 0, AP Bank 255
[2024-Feb-12 23:38:17] [trace] [  JLink] - JLINK_CORESIGHT_WriteAPDPReg(DP reg 0x02, 0x00000000)  
[2024-Feb-12 23:38:17] [trace] [  JLink] - - 0.498ms returns -1  
[2024-Feb-12 23:38:17] [trace] [  JLink] - JLINK_HasError()  
[2024-Feb-12 23:38:17] [debug] [SeggerBackend] - ---just_abort_debug_action
[2024-Feb-12 23:38:17] [debug] [SeggerBackend] - Attempting to clear any configuration errors in debug port before closing connection. 
[2024-Feb-12 23:38:17] [trace] [  JLink] - JLINK_CORESIGHT_WriteAPDPReg(DP reg 0x00, 0x0000001F)  
[2024-Feb-12 23:38:17] [trace] [  JLink] - - 0.494ms returns -1  
[2024-Feb-12 23:38:17] [trace] [  JLink] - JLINK_HasError()  
[2024-Feb-12 23:38:17] [trace] [  JLink] - JLINK_CORESIGHT_WriteAPDPReg(DP reg 0x00, 0x0000001F)  
[2024-Feb-12 23:38:17] [trace] [  JLink] - - 0.529ms returns -1  
[2024-Feb-12 23:38:17] [trace] [  JLink] - JLINK_HasError()  
[2024-Feb-12 23:38:17] [trace] [  JLink] - JLINK_CORESIGHT_WriteAPDPReg(DP reg 0x00, 0x0000001F)  
[2024-Feb-12 23:38:17] [trace] [  JLink] - - 0.500ms returns -1  
[2024-Feb-12 23:38:17] [trace] [  JLink] - JLINK_HasError()  
[2024-Feb-12 23:38:17] [trace] [  JLink] - JLINK_CORESIGHT_WriteAPDPReg(DP reg 0x00, 0x0000001F)  
[2024-Feb-12 23:38:17] [trace] [  JLink] - - 0.466ms returns -1  
[2024-Feb-12 23:38:17] [trace] [  JLink] - JLINK_HasError()  
[2024-Feb-12 23:38:17] [trace] [  JLink] - JLINK_CORESIGHT_WriteAPDPReg(DP reg 0x00, 0x0000001F)  
[2024-Feb-12 23:38:17] [trace] [  JLink] - - 0.498ms returns -1  
[2024-Feb-12 23:38:17] [trace] [  JLink] - JLINK_HasError()  
[2024-Feb-12 23:38:17] [trace] [  JLink] - JLINK_CORESIGHT_WriteAPDPReg(DP reg 0x00, 0x0000001F)  
[2024-Feb-12 23:38:17] [trace] [  JLink] - - 0.479ms returns -1  
[2024-Feb-12 23:38:17] [trace] [  JLink] - JLINK_HasError()  
[2024-Feb-12 23:38:17] [trace] [  JLink] - JLINK_CORESIGHT_WriteAPDPReg(DP reg 0x02, 0x00000000)  
[2024-Feb-12 23:38:17] [trace] [  JLink] - - 0.483ms returns -1  
[2024-Feb-12 23:38:17] [trace] [  JLink] - JLINK_HasError()  
[2024-Feb-12 23:38:17] [debug] [SeggerBackend] - ---just_abort_debug_action
[2024-Feb-12 23:38:17] [debug] [SeggerBackend] - Attempting to clear any configuration errors in debug port before closing connection. 
[2024-Feb-12 23:38:17] [trace] [  JLink] - JLINK_CORESIGHT_WriteAPDPReg(DP reg 0x00, 0x0000001F)  
[2024-Feb-12 23:38:17] [trace] [  JLink] - - 0.491ms returns -1  
[2024-Feb-12 23:38:17] [trace] [  JLink] - JLINK_HasError()  
[2024-Feb-12 23:38:17] [trace] [  JLink] - JLINK_CORESIGHT_WriteAPDPReg(DP reg 0x00, 0x0000001F)  
[2024-Feb-12 23:38:17] [trace] [  JLink] - - 0.472ms returns -1  
[2024-Feb-12 23:38:17] [trace] [  JLink] - JLINK_HasError()  
[2024-Feb-12 23:38:17] [trace] [  JLink] - JLINK_CORESIGHT_WriteAPDPReg(DP reg 0x00, 0x0000001F)  
[2024-Feb-12 23:38:17] [trace] [  JLink] - - 0.489ms returns -1  
[2024-Feb-12 23:38:17] [trace] [  JLink] - JLINK_HasError()  
[2024-Feb-12 23:38:17] [trace] [  JLink] - JLINK_CORESIGHT_WriteAPDPReg(DP reg 0x00, 0x0000001F)  
[2024-Feb-12 23:38:17] [trace] [  JLink] - - 0.504ms returns -1  
[2024-Feb-12 23:38:17] [trace] [  JLink] - JLINK_HasError()  
[2024-Feb-12 23:38:17] [trace] [  JLink] - JLINK_CORESIGHT_WriteAPDPReg(DP reg 0x00, 0x0000001F)  
[2024-Feb-12 23:38:17] [trace] [  JLink] - - 0.502ms returns -1  
[2024-Feb-12 23:38:17] [trace] [  JLink] - JLINK_HasError()  
[2024-Feb-12 23:38:17] [trace] [  JLink] - JLINK_CORESIGHT_WriteAPDPReg(DP reg 0x00, 0x0000001F)  
[2024-Feb-12 23:38:17] [trace] [  JLink] - - 0.500ms returns -1  
[2024-Feb-12 23:38:17] [trace] [  JLink] - JLINK_HasError()  
[2024-Feb-12 23:38:17] [trace] [  JLink] - JLINK_CORESIGHT_WriteAPDPReg(DP reg 0x02, 0x00000000)  
[2024-Feb-12 23:38:17] [trace] [  JLink] - - 0.509ms returns -1  
[2024-Feb-12 23:38:17] [trace] [  JLink] - JLINK_HasError()  
[2024-Feb-12 23:38:17] [debug] [SeggerBackend] - ---just_abort_debug_action
[2024-Feb-12 23:38:17] [debug] [SeggerBackend] - Attempting to clear any configuration errors in debug port before closing connection. 
[2024-Feb-12 23:38:17] [trace] [  JLink] - JLINK_CORESIGHT_WriteAPDPReg(DP reg 0x00, 0x0000001F)  
[2024-Feb-12 23:38:17] [trace] [  JLink] - - 0.480ms returns -1  
[2024-Feb-12 23:38:17] [trace] [  JLink] - JLINK_HasError()  
[2024-Feb-12 23:38:17] [trace] [  JLink] - JLINK_CORESIGHT_WriteAPDPReg(DP reg 0x00, 0x0000001F)  
[2024-Feb-12 23:38:17] [trace] [  JLink] - - 0.497ms returns -1  
[2024-Feb-12 23:38:17] [trace] [  JLink] - JLINK_HasError()  
[2024-Feb-12 23:38:17] [trace] [  JLink] - JLINK_CORESIGHT_WriteAPDPReg(DP reg 0x00, 0x0000001F)  
[2024-Feb-12 23:38:17] [trace] [  JLink] - - 0.491ms returns -1  
[2024-Feb-12 23:38:17] [trace] [  JLink] - JLINK_HasError()  
[2024-Feb-12 23:38:17] [trace] [  JLink] - JLINK_CORESIGHT_WriteAPDPReg(DP reg 0x00, 0x0000001F)  
[2024-Feb-12 23:38:17] [trace] [  JLink] - - 0.508ms returns -1  
[2024-Feb-12 23:38:17] [trace] [  JLink] - JLINK_HasError()  
[2024-Feb-12 23:38:17] [trace] [  JLink] - JLINK_CORESIGHT_WriteAPDPReg(DP reg 0x00, 0x0000001F)  
[2024-Feb-12 23:38:17] [trace] [  JLink] - - 0.489ms returns -1  
[2024-Feb-12 23:38:17] [trace] [  JLink] - JLINK_HasError()  
[2024-Feb-12 23:38:17] [trace] [  JLink] - JLINK_CORESIGHT_WriteAPDPReg(DP reg 0x00, 0x0000001F)  
[2024-Feb-12 23:38:17] [trace] [  JLink] - - 0.472ms returns -1  
[2024-Feb-12 23:38:17] [trace] [  JLink] - JLINK_HasError()  
[2024-Feb-12 23:38:17] [trace] [  JLink] - JLINK_CORESIGHT_WriteAPDPReg(DP reg 0x02, 0x00000000)  
[2024-Feb-12 23:38:17] [trace] [  JLink] - - 0.516ms returns -1  
[2024-Feb-12 23:38:17] [trace] [  JLink] - JLINK_HasError()  
[2024-Feb-12 23:38:17] [debug] [SeggerBackend] - ---just_abort_debug_action
[2024-Feb-12 23:38:17] [debug] [SeggerBackend] - Attempting to clear any configuration errors in debug port before closing connection. 
[2024-Feb-12 23:38:17] [trace] [  JLink] - JLINK_CORESIGHT_WriteAPDPReg(DP reg 0x00, 0x0000001F)  
[2024-Feb-12 23:38:17] [trace] [  JLink] - - 0.470ms returns -1  
[2024-Feb-12 23:38:17] [trace] [  JLink] - JLINK_HasError()  
[2024-Feb-12 23:38:17] [trace] [  JLink] - JLINK_CORESIGHT_WriteAPDPReg(DP reg 0x00, 0x0000001F)  
[2024-Feb-12 23:38:17] [trace] [  JLink] - - 0.496ms returns -1  
[2024-Feb-12 23:38:17] [trace] [  JLink] - JLINK_HasError()  
[2024-Feb-12 23:38:17] [trace] [  JLink] - JLINK_CORESIGHT_WriteAPDPReg(DP reg 0x00, 0x0000001F)  
[2024-Feb-12 23:38:17] [trace] [  JLink] - - 0.515ms returns -1  
[2024-Feb-12 23:38:17] [trace] [  JLink] - JLINK_HasError()  
[2024-Feb-12 23:38:17] [trace] [  JLink] - JLINK_CORESIGHT_WriteAPDPReg(DP reg 0x00, 0x0000001F)  
[2024-Feb-12 23:38:17] [trace] [  JLink] - - 0.493ms returns -1  
[2024-Feb-12 23:38:17] [trace] [  JLink] - JLINK_HasError()  
[2024-Feb-12 23:38:17] [trace] [  JLink] - JLINK_CORESIGHT_WriteAPDPReg(DP reg 0x00, 0x0000001F)  
[2024-Feb-12 23:38:17] [trace] [  JLink] - - 0.484ms returns -1  
[2024-Feb-12 23:38:17] [trace] [  JLink] - JLINK_HasError()  
[2024-Feb-12 23:38:17] [trace] [  JLink] - JLINK_CORESIGHT_WriteAPDPReg(DP reg 0x00, 0x0000001F)  
[2024-Feb-12 23:38:17] [trace] [  JLink] - - 0.546ms returns -1  
[2024-Feb-12 23:38:17] [trace] [  JLink] - JLINK_HasError()  
[2024-Feb-12 23:38:17] [trace] [  JLink] - JLINK_CORESIGHT_WriteAPDPReg(DP reg 0x02, 0x00000000)  
[2024-Feb-12 23:38:17] [trace] [  JLink] - - 0.604ms returns -1  
[2024-Feb-12 23:38:17] [trace] [  JLink] - JLINK_HasError()  
[2024-Feb-12 23:38:17] [debug] [SeggerBackend] - ---just_abort_debug_action
[2024-Feb-12 23:38:17] [debug] [SeggerBackend] - Attempting to clear any configuration errors in debug port before closing connection. 
[2024-Feb-12 23:38:17] [trace] [  JLink] - JLINK_CORESIGHT_WriteAPDPReg(DP reg 0x00, 0x0000001F)  
[2024-Feb-12 23:38:17] [trace] [  JLink] - - 0.494ms returns -1  
[2024-Feb-12 23:38:17] [trace] [  JLink] - JLINK_HasError()  
[2024-Feb-12 23:38:17] [trace] [  JLink] - JLINK_CORESIGHT_WriteAPDPReg(DP reg 0x00, 0x0000001F)  
[2024-Feb-12 23:38:17] [trace] [  JLink] - - 0.488ms returns -1  
[2024-Feb-12 23:38:17] [trace] [  JLink] - JLINK_HasError()  
[2024-Feb-12 23:38:17] [trace] [  JLink] - JLINK_CORESIGHT_WriteAPDPReg(DP reg 0x00, 0x0000001F)  
[2024-Feb-12 23:38:17] [trace] [  JLink] - - 0.504ms returns -1  
[2024-Feb-12 23:38:17] [trace] [  JLink] - JLINK_HasError()  
[2024-Feb-12 23:38:17] [trace] [  JLink] - JLINK_CORESIGHT_WriteAPDPReg(DP reg 0x00, 0x0000001F)  
[2024-Feb-12 23:38:17] [trace] [  JLink] - - 0.468ms returns -1  
[2024-Feb-12 23:38:17] [trace] [  JLink] - JLINK_HasError()  
[2024-Feb-12 23:38:17] [trace] [  JLink] - JLINK_CORESIGHT_WriteAPDPReg(DP reg 0x00, 0x0000001F)  
[2024-Feb-12 23:38:17] [trace] [  JLink] - - 0.494ms returns -1  
[2024-Feb-12 23:38:17] [trace] [  JLink] - JLINK_HasError()  
[2024-Feb-12 23:38:17] [trace] [  JLink] - JLINK_CORESIGHT_WriteAPDPReg(DP reg 0x00, 0x0000001F)  
[2024-Feb-12 23:38:17] [trace] [  JLink] - - 0.482ms returns -1  
[2024-Feb-12 23:38:17] [trace] [  JLink] - JLINK_HasError()  
[2024-Feb-12 23:38:17] [trace] [  JLink] - JLINK_CORESIGHT_WriteAPDPReg(DP reg 0x02, 0x00000000)  
[2024-Feb-12 23:38:17] [trace] [  JLink] - - 0.495ms returns -1  
[2024-Feb-12 23:38:17] [trace] [  JLink] - JLINK_HasError()  
[2024-Feb-12 23:38:17] [debug] [SeggerBackend] - ---just_abort_debug_action
[2024-Feb-12 23:38:17] [debug] [SeggerBackend] - Attempting to clear any configuration errors in debug port before closing connection. 
[2024-Feb-12 23:38:17] [trace] [  JLink] - JLINK_CORESIGHT_WriteAPDPReg(DP reg 0x00, 0x0000001F)  
[2024-Feb-12 23:38:17] [trace] [  JLink] - - 0.470ms returns -1  
[2024-Feb-12 23:38:17] [trace] [  JLink] - JLINK_HasError()  
[2024-Feb-12 23:38:17] [trace] [  JLink] - JLINK_CORESIGHT_WriteAPDPReg(DP reg 0x00, 0x0000001F)  
[2024-Feb-12 23:38:17] [trace] [  JLink] - - 0.499ms returns -1  
[2024-Feb-12 23:38:17] [trace] [  JLink] - JLINK_HasError()  
[2024-Feb-12 23:38:17] [trace] [  JLink] - JLINK_CORESIGHT_WriteAPDPReg(DP reg 0x00, 0x0000001F)  
[2024-Feb-12 23:38:17] [trace] [  JLink] - - 0.491ms returns -1  
[2024-Feb-12 23:38:17] [trace] [  JLink] - JLINK_HasError()  
[2024-Feb-12 23:38:17] [trace] [  JLink] - JLINK_CORESIGHT_WriteAPDPReg(DP reg 0x00, 0x0000001F)  
[2024-Feb-12 23:38:17] [trace] [  JLink] - - 0.517ms returns -1  
[2024-Feb-12 23:38:17] [trace] [  JLink] - JLINK_HasError()  
[2024-Feb-12 23:38:17] [trace] [  JLink] - JLINK_CORESIGHT_WriteAPDPReg(DP